#
# There is insufficient memory for the Java Runtime Environment to continue.
# Native memory allocation (malloc) failed to allocate 1048576 bytes. Error detail: AllocateHeap
# Possible reasons:
#   The system is out of physical RAM or swap space
#   This process is running with CompressedOops enabled, and the Java Heap may be blocking the growth of the native heap
# Possible solutions:
#   Reduce memory load on the system
#   Increase physical memory or swap space
#   Check if swap backing store is full
#   Decrease Java heap size (-Xmx/-Xms)
#   Decrease number of Java threads
#   Decrease Java thread stack sizes (-Xss)
#   Set larger code cache with -XX:ReservedCodeCacheSize=
#   JVM is running with Unscaled Compressed Oops mode in which the Java heap is
#     placed in the first 4GB address space. The Java Heap base address is the
#     maximum limit for the native heap growth. Please use -XX:HeapBaseMinAddress
#     to set the Java Heap base and to place the Java Heap above 4GB virtual address.
# This output file may be truncated or incomplete.
#
#  Out of Memory Error (allocation.cpp:44), pid=1844, tid=11144
#
# JRE version: OpenJDK Runtime Environment Temurin-21.0.8+9 (21.0.8+9) (build 21.0.8+9-LTS)
# Java VM: OpenJDK 64-Bit Server VM Temurin-21.0.8+9 (21.0.8+9-LTS, mixed mode, sharing, tiered, compressed oops, compressed class ptrs, parallel gc, windows-amd64)
# No core dump will be written. Minidumps are not enabled by default on client versions of Windows
#

---------------  S U M M A R Y ------------

Command Line: --add-modules=ALL-SYSTEM --add-opens=java.base/java.util=ALL-UNNAMED --add-opens=java.base/java.lang=ALL-UNNAMED --add-opens=java.base/sun.nio.fs=ALL-UNNAMED -Declipse.application=org.eclipse.jdt.ls.core.id1 -Dosgi.bundles.defaultStartLevel=4 -Declipse.product=org.eclipse.jdt.ls.core.product -Djava.import.generatesMetadataFilesAtProjectRoot=false -DDetectVMInstallationsJob.disabled=true -Dfile.encoding=utf8 -XX:+UseParallelGC -XX:GCTimeRatio=4 -XX:AdaptiveSizePolicyWeight=90 -Dsun.zip.disableMemoryMapping=true -Xmx2G -Xms100m -Xlog:disable -javaagent:c:\Users\Admin\.cursor\extensions\redhat.java-1.45.0-win32-x64\lombok\lombok-1.18.39-4050.jar -XX:+HeapDumpOnOutOfMemoryError -XX:HeapDumpPath=c:\Users\Admin\AppData\Roaming\Cursor\User\workspaceStorage\51d9f38fa83fbc9890d8eb8c94766a67\redhat.java -Daether.dependencyCollector.impl=bf c:\Users\Admin\.cursor\extensions\redhat.java-1.45.0-win32-x64\server\plugins\org.eclipse.equinox.launcher_1.7.0.v20250519-0528.jar -configuration c:\Users\Admin\AppData\Roaming\Cursor\User\globalStorage\redhat.java\1.45.0\config_win -data c:\Users\Admin\AppData\Roaming\Cursor\User\workspaceStorage\51d9f38fa83fbc9890d8eb8c94766a67\redhat.java\jdt_ws --pipe=\\.\pipe\lsp-9989618bfc365cff550f9f4766a134ac-sock

Host: Intel(R) Core(TM) i5-7300U CPU @ 2.60GHz, 4 cores, 7G,  Windows 10 , 64 bit Build 19041 (10.0.19041.3155)
Time: Fri Sep 26 15:03:20 2025 India Standard Time elapsed time: 1771.774544 seconds (0d 0h 29m 31s)

---------------  T H R E A D  ---------------

Current thread (0x000002cffe436790):  JavaThread "Attach Listener" daemon [_thread_in_vm, id=11144, stack(0x000000e12a400000,0x000000e12a500000) (1024K)]

Stack: [0x000000e12a400000,0x000000e12a500000]
Native frames: (J=compiled Java code, j=interpreted, Vv=VM code, C=native code)
V  [jvm.dll+0x6d2449]
V  [jvm.dll+0x8ae341]
V  [jvm.dll+0x8b08be]
V  [jvm.dll+0x8b0fa3]
V  [jvm.dll+0x280c96]
V  [jvm.dll+0xc0347]
V  [jvm.dll+0x6d2cf9]
V  [jvm.dll+0x131116]
V  [jvm.dll+0x3f2d16]
V  [jvm.dll+0x857e6b]
V  [jvm.dll+0x6d0b0d]
C  [ucrtbase.dll+0x21bb2]
C  [KERNEL32.DLL+0x17614]
C  [ntdll.dll+0x526b1]


---------------  P R O C E S S  ---------------

Threads class SMR info:
_java_thread_list=0x000002cfc935db80, length=45, elements={
0x000002cfe7a5c9b0, 0x000002cffe432540, 0x000002cffe433da0, 0x000002cffe435880,
0x000002cffe436790, 0x000002cffe438550, 0x000002cffe4391a0, 0x000002cffe43c0e0,
0x000002cffe4afec0, 0x000002cffe50e710, 0x000002cfff3526f0, 0x000002cfff834f20,
0x000002cfff80e450, 0x000002cfc5220a90, 0x000002cfc513d250, 0x000002cfc53d16e0,
0x000002cfff80ddb0, 0x000002cfc55a5520, 0x000002cfc55a6240, 0x000002cfc55a68d0,
0x000002cfc55a4800, 0x000002cfc687e200, 0x000002cfc687a6f0, 0x000002cfc687c7c0,
0x000002cfc687ce50, 0x000002cfc687f5b0, 0x000002cfc6878cb0, 0x000002cfc687d4e0,
0x000002cfc6878620, 0x000002cfc687e890, 0x000002cfc687fc40, 0x000002cfc68799d0,
0x000002cfc687a060, 0x000002cfc687ad80, 0x000002cfc687b410, 0x000002cfc55a5bb0,
0x000002cfc687baa0, 0x000002cfc687ef20, 0x000002cfc9f7daa0, 0x000002cfc9f7a620,
0x000002cfc9f7acb0, 0x000002cfc9f7b340, 0x000002cfc9f7b9d0, 0x000002cfc9f7c060,
0x000002cfc9f7c6f0
}

Java Threads: ( => current thread )
  0x000002cfe7a5c9b0 JavaThread "main"                              [_thread_blocked, id=9856, stack(0x000000e129d00000,0x000000e129e00000) (1024K)]
  0x000002cffe432540 JavaThread "Reference Handler"          daemon [_thread_blocked, id=9228, stack(0x000000e12a100000,0x000000e12a200000) (1024K)]
  0x000002cffe433da0 JavaThread "Finalizer"                  daemon [_thread_blocked, id=10352, stack(0x000000e12a200000,0x000000e12a300000) (1024K)]
  0x000002cffe435880 JavaThread "Signal Dispatcher"          daemon [_thread_blocked, id=9348, stack(0x000000e12a300000,0x000000e12a400000) (1024K)]
=>0x000002cffe436790 JavaThread "Attach Listener"            daemon [_thread_in_vm, id=11144, stack(0x000000e12a400000,0x000000e12a500000) (1024K)]
  0x000002cffe438550 JavaThread "Service Thread"             daemon [_thread_blocked, id=5008, stack(0x000000e12a500000,0x000000e12a600000) (1024K)]
  0x000002cffe4391a0 JavaThread "Monitor Deflation Thread"   daemon [_thread_blocked, id=6472, stack(0x000000e12a600000,0x000000e12a700000) (1024K)]
  0x000002cffe43c0e0 JavaThread "C2 CompilerThread0"         daemon [_thread_blocked, id=8664, stack(0x000000e12a700000,0x000000e12a800000) (1024K)]
  0x000002cffe4afec0 JavaThread "C1 CompilerThread0"         daemon [_thread_blocked, id=10592, stack(0x000000e12a800000,0x000000e12a900000) (1024K)]
  0x000002cffe50e710 JavaThread "Common-Cleaner"             daemon [_thread_blocked, id=11036, stack(0x000000e12a900000,0x000000e12aa00000) (1024K)]
  0x000002cfff3526f0 JavaThread "Notification Thread"        daemon [_thread_blocked, id=10652, stack(0x000000e12ab00000,0x000000e12ac00000) (1024K)]
  0x000002cfff834f20 JavaThread "Active Thread: Equinox Container: 63c678cd-9b04-4073-acc7-d05cd3fc054d"        [_thread_blocked, id=6432, stack(0x000000e12aa00000,0x000000e12ab00000) (1024K)]
  0x000002cfff80e450 JavaThread "Refresh Thread: Equinox Container: 63c678cd-9b04-4073-acc7-d05cd3fc054d" daemon [_thread_blocked, id=9740, stack(0x000000e12b000000,0x000000e12b100000) (1024K)]
  0x000002cfc5220a90 JavaThread "Framework Event Dispatcher: Equinox Container: 63c678cd-9b04-4073-acc7-d05cd3fc054d" daemon [_thread_blocked, id=10644, stack(0x000000e12b100000,0x000000e12b200000) (1024K)]
  0x000002cfc513d250 JavaThread "Start Level: Equinox Container: 63c678cd-9b04-4073-acc7-d05cd3fc054d" daemon [_thread_blocked, id=11240, stack(0x000000e12b200000,0x000000e12b300000) (1024K)]
  0x000002cfc53d16e0 JavaThread "Bundle File Closer"         daemon [_thread_blocked, id=6788, stack(0x000000e12b300000,0x000000e12b400000) (1024K)]
  0x000002cfff80ddb0 JavaThread "SCR Component Actor"        daemon [_thread_blocked, id=7828, stack(0x000000e12af00000,0x000000e12b000000) (1024K)]
  0x000002cfc55a5520 JavaThread "Worker-JM"                         [_thread_blocked, id=9560, stack(0x000000e12b600000,0x000000e12b700000) (1024K)]
  0x000002cfc55a6240 JavaThread "Worker-3"                          [_thread_blocked, id=10216, stack(0x000000e12ba00000,0x000000e12bb00000) (1024K)]
  0x000002cfc55a68d0 JavaThread "Java indexing"              daemon [_thread_blocked, id=10344, stack(0x000000e12bb00000,0x000000e12bc00000) (1024K)]
  0x000002cfc55a4800 JavaThread "JNA Cleaner"                daemon [_thread_blocked, id=4420, stack(0x000000e12bc00000,0x000000e12bd00000) (1024K)]
  0x000002cfc687e200 JavaThread "Worker-4"                          [_thread_blocked, id=9756, stack(0x000000e12bf00000,0x000000e12c000000) (1024K)]
  0x000002cfc687a6f0 JavaThread "Thread-2"                   daemon [_thread_in_native, id=4348, stack(0x000000e12c100000,0x000000e12c200000) (1024K)]
  0x000002cfc687c7c0 JavaThread "Thread-3"                   daemon [_thread_in_native, id=5424, stack(0x000000e12c200000,0x000000e12c300000) (1024K)]
  0x000002cfc687ce50 JavaThread "Thread-4"                   daemon [_thread_in_native, id=3536, stack(0x000000e12c300000,0x000000e12c400000) (1024K)]
  0x000002cfc687f5b0 JavaThread "Thread-5"                   daemon [_thread_in_native, id=7496, stack(0x000000e12c400000,0x000000e12c500000) (1024K)]
  0x000002cfc6878cb0 JavaThread "Thread-6"                   daemon [_thread_in_native, id=5828, stack(0x000000e12c500000,0x000000e12c600000) (1024K)]
  0x000002cfc687d4e0 JavaThread "pool-2-thread-1"                   [_thread_blocked, id=7612, stack(0x000000e12c600000,0x000000e12c700000) (1024K)]
  0x000002cfc6878620 JavaThread "WorkspaceEventsHandler"            [_thread_blocked, id=8724, stack(0x000000e12b400000,0x000000e12b500000) (1024K)]
  0x000002cfc687e890 JavaThread "pool-1-thread-1"                   [_thread_blocked, id=10064, stack(0x000000e12c700000,0x000000e12c800000) (1024K)]
  0x000002cfc687fc40 JavaThread "Timer-0"                           [_thread_blocked, id=9364, stack(0x000000e12ca00000,0x000000e12cb00000) (1024K)]
  0x000002cfc68799d0 JavaThread "Timer-1"                           [_thread_blocked, id=5612, stack(0x000000e12b800000,0x000000e12b900000) (1024K)]
  0x000002cfc687a060 JavaThread "Timer-2"                           [_thread_blocked, id=10808, stack(0x000000e12cb00000,0x000000e12cc00000) (1024K)]
  0x000002cfc687ad80 JavaThread "Timer-3"                           [_thread_blocked, id=8416, stack(0x000000e12cc00000,0x000000e12cd00000) (1024K)]
  0x000002cfc687b410 JavaThread "Timer-4"                           [_thread_blocked, id=1292, stack(0x000000e12cd00000,0x000000e12ce00000) (1024K)]
  0x000002cfc55a5bb0 JavaThread "Timer-5"                           [_thread_blocked, id=7520, stack(0x000000e12c900000,0x000000e12ca00000) (1024K)]
  0x000002cfc687baa0 JavaThread "Timer-6"                           [_thread_blocked, id=860, stack(0x000000e12cf00000,0x000000e12d000000) (1024K)]
  0x000002cfc687ef20 JavaThread "Timer-7"                           [_thread_blocked, id=4300, stack(0x000000e12d000000,0x000000e12d100000) (1024K)]
  0x000002cfc9f7daa0 JavaThread "Timer-8"                           [_thread_blocked, id=1680, stack(0x000000e12d300000,0x000000e12d400000) (1024K)]
  0x000002cfc9f7a620 JavaThread "Timer-9"                           [_thread_blocked, id=124, stack(0x000000e12ce00000,0x000000e12cf00000) (1024K)]
  0x000002cfc9f7acb0 JavaThread "Timer-10"                          [_thread_blocked, id=10152, stack(0x000000e12d400000,0x000000e12d500000) (1024K)]
  0x000002cfc9f7b340 JavaThread "Timer-11"                          [_thread_blocked, id=8656, stack(0x000000e12d100000,0x000000e12d200000) (1024K)]
  0x000002cfc9f7b9d0 JavaThread "Timer-12"                          [_thread_blocked, id=10124, stack(0x000000e12d500000,0x000000e12d600000) (1024K)]
  0x000002cfc9f7c060 JavaThread "Timer-13"                          [_thread_blocked, id=7388, stack(0x000000e129b00000,0x000000e129c00000) (1024K)]
  0x000002cfc9f7c6f0 JavaThread "Timer-14"                          [_thread_blocked, id=2576, stack(0x000000e129c00000,0x000000e129d00000) (1024K)]
Total: 45

Other Threads:
  0x000002cffe41a880 VMThread "VM Thread"                           [id=3660, stack(0x000000e12a000000,0x000000e12a100000) (1024K)]
  0x000002cfe7b205f0 WatcherThread "VM Periodic Task Thread"        [id=1036, stack(0x000000e129f00000,0x000000e12a000000) (1024K)]
  0x000002cfe7a79580 WorkerThread "GC Thread#0"                     [id=9992, stack(0x000000e129e00000,0x000000e129f00000) (1024K)]
  0x000002cfff4bd420 WorkerThread "GC Thread#1"                     [id=8280, stack(0x000000e12ac00000,0x000000e12ad00000) (1024K)]
  0x000002cfff575770 WorkerThread "GC Thread#2"                     [id=7512, stack(0x000000e12ad00000,0x000000e12ae00000) (1024K)]
  0x000002cfff575b10 WorkerThread "GC Thread#3"                     [id=496, stack(0x000000e12ae00000,0x000000e12af00000) (1024K)]
Total: 6

Threads with active compile tasks:
Total: 0

VM state: not at safepoint (normal execution)

VM Mutex/Monitor currently owned by a thread: None

Heap address: 0x0000000080000000, size: 2048 MB, Compressed Oops mode: 32-bit

CDS archive(s) mapped at: [0x000002cf80000000-0x000002cf80ba0000-0x000002cf80ba0000), size 12189696, SharedBaseAddress: 0x000002cf80000000, ArchiveRelocationMode: 1.
Compressed class space mapped at: 0x000002cf81000000-0x000002cfc1000000, reserved size: 1073741824
Narrow klass base: 0x000002cf80000000, Narrow klass shift: 0, Narrow klass range: 0x100000000

GC Precious Log:
 CardTable entry size: 512
 CPUs: 4 total, 4 available
 Memory: 8073M
 Large Page Support: Disabled
 NUMA Support: Disabled
 Compressed Oops: Enabled (32-bit)
 Alignments: Space 512K, Generation 512K, Heap 2M
 Heap Min Capacity: 100M
 Heap Initial Capacity: 100M
 Heap Max Capacity: 2G
 Pre-touch: Disabled
 Parallel Workers: 4

Heap:
 PSYoungGen      total 11264K, used 3238K [0x00000000d5580000, 0x00000000d6980000, 0x0000000100000000)
  eden space 10752K, 27% used [0x00000000d5580000,0x00000000d5869a80,0x00000000d6000000)
  from space 512K, 50% used [0x00000000d6000000,0x00000000d6040000,0x00000000d6080000)
  to   space 3072K, 0% used [0x00000000d6680000,0x00000000d6680000,0x00000000d6980000)
 ParOldGen       total 787968K, used 787886K [0x0000000080000000, 0x00000000b0180000, 0x00000000d5580000)
  object space 787968K, 99% used [0x0000000080000000,0x00000000b016bb90,0x00000000b0180000)
 Metaspace       used 77368K, committed 78912K, reserved 1179648K
  class space    used 9464K, committed 10112K, reserved 1048576K

Card table byte_map: [0x000002cfe7440000,0x000002cfe7850000] _byte_map_base: 0x000002cfe7040000

Marking Bits: (ParMarkBitMap*) 0x00007fff0833a340
 Begin Bits: [0x000002cff9f10000, 0x000002cffbf10000)
 End Bits:   [0x000002cffbf10000, 0x000002cffdf10000)

Polling page: 0x000002cfe7230000

Metaspace:

Usage:
  Non-class:     66.31 MB used.
      Class:      9.24 MB used.
       Both:     75.55 MB used.

Virtual space:
  Non-class space:      128.00 MB reserved,      67.19 MB ( 52%) committed,  2 nodes.
      Class space:        1.00 GB reserved,       9.88 MB ( <1%) committed,  1 nodes.
             Both:        1.12 GB reserved,      77.06 MB (  7%) committed. 

Chunk freelists:
   Non-Class:  11.89 MB
       Class:  6.14 MB
        Both:  18.03 MB

MaxMetaspaceSize: unlimited
CompressedClassSpaceSize: 1.00 GB
Initial GC threshold: 21.00 MB
Current GC threshold: 126.56 MB
CDS: on
 - commit_granule_bytes: 65536.
 - commit_granule_words: 8192.
 - virtual_space_node_default_size: 8388608.
 - enlarge_chunks_in_place: 1.
 - use_allocation_guard: 0.


Internal statistics:

num_allocs_failed_limit: 11.
num_arena_births: 1444.
num_arena_deaths: 28.
num_vsnodes_births: 3.
num_vsnodes_deaths: 0.
num_space_committed: 1233.
num_space_uncommitted: 0.
num_chunks_returned_to_freelist: 43.
num_chunks_taken_from_freelist: 4750.
num_chunk_merges: 15.
num_chunk_splits: 3061.
num_chunks_enlarged: 1934.
num_inconsistent_stats: 0.

CodeHeap 'non-profiled nmethods': size=120000Kb used=12034Kb max_used=12151Kb free=107965Kb
 bounds [0x000002cff2730000, 0x000002cff3320000, 0x000002cff9c60000]
CodeHeap 'profiled nmethods': size=120000Kb used=23774Kb max_used=24965Kb free=96225Kb
 bounds [0x000002cfeac60000, 0x000002cfec4d0000, 0x000002cff2190000]
CodeHeap 'non-nmethods': size=5760Kb used=1459Kb max_used=1633Kb free=4300Kb
 bounds [0x000002cff2190000, 0x000002cff2400000, 0x000002cff2730000]
CodeCache: size=245760Kb, used=37267Kb, max_used=38749Kb, free=208490Kb
 total_blobs=11627, nmethods=10852, adapters=681, full_count=0
Compilation: enabled, stopped_count=0, restarted_count=0

Compilation events (20 events):
Event: 1053.950 Thread 0x000002cffe4afec0 12259 % !   3       java.util.TimerThread::mainLoop @ 0 (232 bytes)
Event: 1053.952 Thread 0x000002cffe4afec0 nmethod 12259% 0x000002cfeaca0e90 code [0x000002cfeaca1160, 0x000002cfeaca2088]
Event: 1071.047 Thread 0x000002cffe4afec0 12260   !   3       java.util.TimerThread::mainLoop (232 bytes)
Event: 1071.048 Thread 0x000002cffe4afec0 nmethod 12260 0x000002cfead50190 code [0x000002cfead50440, 0x000002cfead51280]
Event: 1295.023 Thread 0x000002cffe4afec0 12261       1       org.eclipse.jdt.ls.core.internal.LanguageServerApplication::getParentProcessId (5 bytes)
Event: 1295.023 Thread 0x000002cffe4afec0 nmethod 12261 0x000002cff2a96590 code [0x000002cff2a96720, 0x000002cff2a967e8]
Event: 1329.766 Thread 0x000002cffe43c0e0 12263       4       org.eclipse.core.runtime.Path::makeAbsolute (66 bytes)
Event: 1329.770 Thread 0x000002cffe43c0e0 nmethod 12263 0x000002cff2809390 code [0x000002cff2809560, 0x000002cff28097d8]
Event: 1329.779 Thread 0x000002cffe4afec0 12264       3       org.eclipse.jdt.internal.core.JavaProject::<init> (11 bytes)
Event: 1329.779 Thread 0x000002cffe4afec0 nmethod 12264 0x000002cfeb046710 code [0x000002cfeb0468e0, 0x000002cfeb046ca0]
Event: 1329.794 Thread 0x000002cffe43c0e0 12265       4       java.util.concurrent.ConcurrentHashMap::get (162 bytes)
Event: 1329.803 Thread 0x000002cffe43c0e0 nmethod 12265 0x000002cff2a1b510 code [0x000002cff2a1b6c0, 0x000002cff2a1b9f0]
Event: 1525.395 Thread 0x000002cffe4afec0 12266   !   3       java.util.logging.LogManager::ensureLogManagerInitialized (144 bytes)
Event: 1525.398 Thread 0x000002cffe4afec0 nmethod 12266 0x000002cfeae67d90 code [0x000002cfeae680a0, 0x000002cfeae691c0]
Event: 1555.397 Thread 0x000002cffe43c0e0 12268       4       java.util.logging.Logger::isLoggable (27 bytes)
Event: 1555.399 Thread 0x000002cffe43c0e0 nmethod 12268 0x000002cff2809010 code [0x000002cff28091a0, 0x000002cff2809280]
Event: 1705.403 Thread 0x000002cffe4afec0 12269       1       com.sun.jna.internal.Cleaner::access$100 (5 bytes)
Event: 1705.403 Thread 0x000002cffe4afec0 nmethod 12269 0x000002cff2a1b210 code [0x000002cff2a1b3a0, 0x000002cff2a1b450]
Event: 1738.963 Thread 0x000002cffe43c0e0 12270 % !   4       java.util.TimerThread::mainLoop @ 0 (232 bytes)
Event: 1738.983 Thread 0x000002cffe43c0e0 nmethod 12270% 0x000002cff2a34d90 code [0x000002cff2a35000, 0x000002cff2a35c90]

GC Heap History (20 events):
Event: 164.272 GC heap before
{Heap before GC invocations=2561 (full 4):
 PSYoungGen      total 3072K, used 2048K [0x00000000d5580000, 0x00000000d5f80000, 0x0000000100000000)
  eden space 1536K, 100% used [0x00000000d5580000,0x00000000d5700000,0x00000000d5700000)
  from space 1536K, 33% used [0x00000000d5c80000,0x00000000d5d00008,0x00000000d5e00000)
  to   space 1024K, 0% used [0x00000000d5e80000,0x00000000d5e80000,0x00000000d5f80000)
 ParOldGen       total 763904K, used 763671K [0x0000000080000000, 0x00000000aea00000, 0x00000000d5580000)
  object space 763904K, 99% used [0x0000000080000000,0x00000000ae9c5eb0,0x00000000aea00000)
 Metaspace       used 76351K, committed 77888K, reserved 1179648K
  class space    used 9332K, committed 9984K, reserved 1048576K
}
Event: 164.275 GC heap after
{Heap after GC invocations=2561 (full 4):
 PSYoungGen      total 3072K, used 874K [0x00000000d5580000, 0x00000000d5f80000, 0x0000000100000000)
  eden space 2048K, 0% used [0x00000000d5580000,0x00000000d5580000,0x00000000d5780000)
  from space 1024K, 85% used [0x00000000d5e80000,0x00000000d5f5ab80,0x00000000d5f80000)
  to   space 1024K, 0% used [0x00000000d5d80000,0x00000000d5d80000,0x00000000d5e80000)
 ParOldGen       total 764416K, used 764136K [0x0000000080000000, 0x00000000aea80000, 0x00000000d5580000)
  object space 764416K, 99% used [0x0000000080000000,0x00000000aea3a088,0x00000000aea80000)
 Metaspace       used 76351K, committed 77888K, reserved 1179648K
  class space    used 9332K, committed 9984K, reserved 1048576K
}
Event: 164.280 GC heap before
{Heap before GC invocations=2562 (full 4):
 PSYoungGen      total 3072K, used 2922K [0x00000000d5580000, 0x00000000d5f80000, 0x0000000100000000)
  eden space 2048K, 100% used [0x00000000d5580000,0x00000000d5780000,0x00000000d5780000)
  from space 1024K, 85% used [0x00000000d5e80000,0x00000000d5f5ab80,0x00000000d5f80000)
  to   space 1024K, 0% used [0x00000000d5d80000,0x00000000d5d80000,0x00000000d5e80000)
 ParOldGen       total 764416K, used 764136K [0x0000000080000000, 0x00000000aea80000, 0x00000000d5580000)
  object space 764416K, 99% used [0x0000000080000000,0x00000000aea3a088,0x00000000aea80000)
 Metaspace       used 76351K, committed 77888K, reserved 1179648K
  class space    used 9332K, committed 9984K, reserved 1048576K
}
Event: 164.284 GC heap after
{Heap after GC invocations=2562 (full 4):
 PSYoungGen      total 3584K, used 994K [0x00000000d5580000, 0x00000000d5f00000, 0x0000000100000000)
  eden space 2560K, 0% used [0x00000000d5580000,0x00000000d5580000,0x00000000d5800000)
  from space 1024K, 97% used [0x00000000d5d80000,0x00000000d5e78b48,0x00000000d5e80000)
  to   space 512K, 0% used [0x00000000d5e80000,0x00000000d5e80000,0x00000000d5f00000)
 ParOldGen       total 765440K, used 765422K [0x0000000080000000, 0x00000000aeb80000, 0x00000000d5580000)
  object space 765440K, 99% used [0x0000000080000000,0x00000000aeb7b8c0,0x00000000aeb80000)
 Metaspace       used 76351K, committed 77888K, reserved 1179648K
  class space    used 9332K, committed 9984K, reserved 1048576K
}
Event: 164.310 GC heap before
{Heap before GC invocations=2563 (full 4):
 PSYoungGen      total 3584K, used 3554K [0x00000000d5580000, 0x00000000d5f00000, 0x0000000100000000)
  eden space 2560K, 100% used [0x00000000d5580000,0x00000000d5800000,0x00000000d5800000)
  from space 1024K, 97% used [0x00000000d5d80000,0x00000000d5e78b48,0x00000000d5e80000)
  to   space 512K, 0% used [0x00000000d5e80000,0x00000000d5e80000,0x00000000d5f00000)
 ParOldGen       total 765440K, used 765422K [0x0000000080000000, 0x00000000aeb80000, 0x00000000d5580000)
  object space 765440K, 99% used [0x0000000080000000,0x00000000aeb7b8c0,0x00000000aeb80000)
 Metaspace       used 76351K, committed 77888K, reserved 1179648K
  class space    used 9332K, committed 9984K, reserved 1048576K
}
Event: 164.314 GC heap after
{Heap after GC invocations=2563 (full 4):
 PSYoungGen      total 3584K, used 502K [0x00000000d5580000, 0x00000000d5f00000, 0x0000000100000000)
  eden space 3072K, 0% used [0x00000000d5580000,0x00000000d5580000,0x00000000d5880000)
  from space 512K, 98% used [0x00000000d5e80000,0x00000000d5efd810,0x00000000d5f00000)
  to   space 2048K, 0% used [0x00000000d5b00000,0x00000000d5b00000,0x00000000d5d00000)
 ParOldGen       total 766976K, used 766834K [0x0000000080000000, 0x00000000aed00000, 0x00000000d5580000)
  object space 766976K, 99% used [0x0000000080000000,0x00000000aecdcb70,0x00000000aed00000)
 Metaspace       used 76351K, committed 77888K, reserved 1179648K
  class space    used 9332K, committed 9984K, reserved 1048576K
}
Event: 164.324 GC heap before
{Heap before GC invocations=2564 (full 4):
 PSYoungGen      total 3584K, used 3574K [0x00000000d5580000, 0x00000000d5f00000, 0x0000000100000000)
  eden space 3072K, 100% used [0x00000000d5580000,0x00000000d5880000,0x00000000d5880000)
  from space 512K, 98% used [0x00000000d5e80000,0x00000000d5efd810,0x00000000d5f00000)
  to   space 2048K, 0% used [0x00000000d5b00000,0x00000000d5b00000,0x00000000d5d00000)
 ParOldGen       total 766976K, used 766834K [0x0000000080000000, 0x00000000aed00000, 0x00000000d5580000)
  object space 766976K, 99% used [0x0000000080000000,0x00000000aecdcb70,0x00000000aed00000)
 Metaspace       used 76351K, committed 77888K, reserved 1179648K
  class space    used 9332K, committed 9984K, reserved 1048576K
}
Event: 164.328 GC heap after
{Heap after GC invocations=2564 (full 4):
 PSYoungGen      total 6144K, used 1418K [0x00000000d5580000, 0x00000000d5f00000, 0x0000000100000000)
  eden space 4096K, 0% used [0x00000000d5580000,0x00000000d5580000,0x00000000d5980000)
  from space 2048K, 69% used [0x00000000d5b00000,0x00000000d5c628a0,0x00000000d5d00000)
  to   space 2048K, 0% used [0x00000000d5d00000,0x00000000d5d00000,0x00000000d5f00000)
 ParOldGen       total 767488K, used 767361K [0x0000000080000000, 0x00000000aed80000, 0x00000000d5580000)
  object space 767488K, 99% used [0x0000000080000000,0x00000000aed60788,0x00000000aed80000)
 Metaspace       used 76351K, committed 77888K, reserved 1179648K
  class space    used 9332K, committed 9984K, reserved 1048576K
}
Event: 164.364 GC heap before
{Heap before GC invocations=2565 (full 4):
 PSYoungGen      total 6144K, used 5514K [0x00000000d5580000, 0x00000000d5f00000, 0x0000000100000000)
  eden space 4096K, 100% used [0x00000000d5580000,0x00000000d5980000,0x00000000d5980000)
  from space 2048K, 69% used [0x00000000d5b00000,0x00000000d5c628a0,0x00000000d5d00000)
  to   space 2048K, 0% used [0x00000000d5d00000,0x00000000d5d00000,0x00000000d5f00000)
 ParOldGen       total 767488K, used 767361K [0x0000000080000000, 0x00000000aed80000, 0x00000000d5580000)
  object space 767488K, 99% used [0x0000000080000000,0x00000000aed60788,0x00000000aed80000)
 Metaspace       used 76402K, committed 77952K, reserved 1179648K
  class space    used 9344K, committed 9984K, reserved 1048576K
}
Event: 164.370 GC heap after
{Heap after GC invocations=2565 (full 4):
 PSYoungGen      total 7168K, used 1934K [0x00000000d5580000, 0x00000000d5f00000, 0x0000000100000000)
  eden space 5120K, 0% used [0x00000000d5580000,0x00000000d5580000,0x00000000d5a80000)
  from space 2048K, 94% used [0x00000000d5d00000,0x00000000d5ee3970,0x00000000d5f00000)
  to   space 2048K, 0% used [0x00000000d5b00000,0x00000000d5b00000,0x00000000d5d00000)
 ParOldGen       total 768000K, used 767740K [0x0000000080000000, 0x00000000aee00000, 0x00000000d5580000)
  object space 768000K, 99% used [0x0000000080000000,0x00000000aedbf148,0x00000000aee00000)
 Metaspace       used 76402K, committed 77952K, reserved 1179648K
  class space    used 9344K, committed 9984K, reserved 1048576K
}
Event: 164.468 GC heap before
{Heap before GC invocations=2566 (full 4):
 PSYoungGen      total 7168K, used 7050K [0x00000000d5580000, 0x00000000d5f00000, 0x0000000100000000)
  eden space 5120K, 99% used [0x00000000d5580000,0x00000000d5a7f068,0x00000000d5a80000)
  from space 2048K, 94% used [0x00000000d5d00000,0x00000000d5ee3970,0x00000000d5f00000)
  to   space 2048K, 0% used [0x00000000d5b00000,0x00000000d5b00000,0x00000000d5d00000)
 ParOldGen       total 768000K, used 767740K [0x0000000080000000, 0x00000000aee00000, 0x00000000d5580000)
  object space 768000K, 99% used [0x0000000080000000,0x00000000aedbf148,0x00000000aee00000)
 Metaspace       used 76412K, committed 77952K, reserved 1179648K
  class space    used 9344K, committed 9984K, reserved 1048576K
}
Event: 164.476 GC heap after
{Heap after GC invocations=2566 (full 4):
 PSYoungGen      total 7680K, used 2033K [0x00000000d5580000, 0x00000000d6a80000, 0x0000000100000000)
  eden space 5632K, 0% used [0x00000000d5580000,0x00000000d5580000,0x00000000d5b00000)
  from space 2048K, 99% used [0x00000000d5b00000,0x00000000d5cfc5a8,0x00000000d5d00000)
  to   space 7680K, 0% used [0x00000000d6300000,0x00000000d6300000,0x00000000d6a80000)
 ParOldGen       total 772608K, used 772501K [0x0000000080000000, 0x00000000af280000, 0x00000000d5580000)
  object space 772608K, 99% used [0x0000000080000000,0x00000000af2655a0,0x00000000af280000)
 Metaspace       used 76412K, committed 77952K, reserved 1179648K
  class space    used 9344K, committed 9984K, reserved 1048576K
}
Event: 164.546 GC heap before
{Heap before GC invocations=2567 (full 4):
 PSYoungGen      total 7680K, used 7665K [0x00000000d5580000, 0x00000000d6a80000, 0x0000000100000000)
  eden space 5632K, 100% used [0x00000000d5580000,0x00000000d5b00000,0x00000000d5b00000)
  from space 2048K, 99% used [0x00000000d5b00000,0x00000000d5cfc5a8,0x00000000d5d00000)
  to   space 7680K, 0% used [0x00000000d6300000,0x00000000d6300000,0x00000000d6a80000)
 ParOldGen       total 772608K, used 772501K [0x0000000080000000, 0x00000000af280000, 0x00000000d5580000)
  object space 772608K, 99% used [0x0000000080000000,0x00000000af2655a0,0x00000000af280000)
 Metaspace       used 76499K, committed 78080K, reserved 1179648K
  class space    used 9353K, committed 10048K, reserved 1048576K
}
Event: 164.553 GC heap after
{Heap after GC invocations=2567 (full 4):
 PSYoungGen      total 11776K, used 4483K [0x00000000d5580000, 0x00000000d6780000, 0x0000000100000000)
  eden space 7168K, 0% used [0x00000000d5580000,0x00000000d5580000,0x00000000d5c80000)
  from space 4608K, 97% used [0x00000000d6300000,0x00000000d6760c10,0x00000000d6780000)
  to   space 5632K, 0% used [0x00000000d5c80000,0x00000000d5c80000,0x00000000d6200000)
 ParOldGen       total 774656K, used 774555K [0x0000000080000000, 0x00000000af480000, 0x00000000d5580000)
  object space 774656K, 99% used [0x0000000080000000,0x00000000af466e28,0x00000000af480000)
 Metaspace       used 76499K, committed 78080K, reserved 1179648K
  class space    used 9353K, committed 10048K, reserved 1048576K
}
Event: 164.585 GC heap before
{Heap before GC invocations=2568 (full 4):
 PSYoungGen      total 11776K, used 11651K [0x00000000d5580000, 0x00000000d6780000, 0x0000000100000000)
  eden space 7168K, 100% used [0x00000000d5580000,0x00000000d5c80000,0x00000000d5c80000)
  from space 4608K, 97% used [0x00000000d6300000,0x00000000d6760c10,0x00000000d6780000)
  to   space 5632K, 0% used [0x00000000d5c80000,0x00000000d5c80000,0x00000000d6200000)
 ParOldGen       total 774656K, used 774555K [0x0000000080000000, 0x00000000af480000, 0x00000000d5580000)
  object space 774656K, 99% used [0x0000000080000000,0x00000000af466e28,0x00000000af480000)
 Metaspace       used 76507K, committed 78080K, reserved 1179648K
  class space    used 9353K, committed 10048K, reserved 1048576K
}
Event: 164.596 GC heap after
{Heap after GC invocations=2568 (full 4):
 PSYoungGen      total 12800K, used 5602K [0x00000000d5580000, 0x00000000d7400000, 0x0000000100000000)
  eden space 7168K, 0% used [0x00000000d5580000,0x00000000d5580000,0x00000000d5c80000)
  from space 5632K, 99% used [0x00000000d5c80000,0x00000000d61f8a10,0x00000000d6200000)
  to   space 11264K, 0% used [0x00000000d6900000,0x00000000d6900000,0x00000000d7400000)
 ParOldGen       total 779264K, used 779107K [0x0000000080000000, 0x00000000af900000, 0x00000000d5580000)
  object space 779264K, 99% used [0x0000000080000000,0x00000000af8d8dc0,0x00000000af900000)
 Metaspace       used 76507K, committed 78080K, reserved 1179648K
  class space    used 9353K, committed 10048K, reserved 1048576K
}
Event: 164.615 GC heap before
{Heap before GC invocations=2569 (full 4):
 PSYoungGen      total 12800K, used 12770K [0x00000000d5580000, 0x00000000d7400000, 0x0000000100000000)
  eden space 7168K, 100% used [0x00000000d5580000,0x00000000d5c80000,0x00000000d5c80000)
  from space 5632K, 99% used [0x00000000d5c80000,0x00000000d61f8a10,0x00000000d6200000)
  to   space 11264K, 0% used [0x00000000d6900000,0x00000000d6900000,0x00000000d7400000)
 ParOldGen       total 779264K, used 779107K [0x0000000080000000, 0x00000000af900000, 0x00000000d5580000)
  object space 779264K, 99% used [0x0000000080000000,0x00000000af8d8dc0,0x00000000af900000)
 Metaspace       used 76508K, committed 78080K, reserved 1179648K
  class space    used 9353K, committed 10048K, reserved 1048576K
}
Event: 164.628 GC heap after
{Heap after GC invocations=2569 (full 4):
 PSYoungGen      total 15872K, used 7010K [0x00000000d5580000, 0x00000000d7000000, 0x0000000100000000)
  eden space 8704K, 0% used [0x00000000d5580000,0x00000000d5580000,0x00000000d5e00000)
  from space 7168K, 97% used [0x00000000d6900000,0x00000000d6fd8b70,0x00000000d7000000)
  to   space 8192K, 0% used [0x00000000d6000000,0x00000000d6000000,0x00000000d6800000)
 ParOldGen       total 784896K, used 784680K [0x0000000080000000, 0x00000000afe80000, 0x00000000d5580000)
  object space 784896K, 99% used [0x0000000080000000,0x00000000afe4a2f0,0x00000000afe80000)
 Metaspace       used 76508K, committed 78080K, reserved 1179648K
  class space    used 9353K, committed 10048K, reserved 1048576K
}
Event: 377.477 GC heap before
{Heap before GC invocations=2570 (full 4):
 PSYoungGen      total 15872K, used 15714K [0x00000000d5580000, 0x00000000d7000000, 0x0000000100000000)
  eden space 8704K, 99% used [0x00000000d5580000,0x00000000d5dfff60,0x00000000d5e00000)
  from space 7168K, 97% used [0x00000000d6900000,0x00000000d6fd8b70,0x00000000d7000000)
  to   space 8192K, 0% used [0x00000000d6000000,0x00000000d6000000,0x00000000d6800000)
 ParOldGen       total 784896K, used 784680K [0x0000000080000000, 0x00000000afe80000, 0x00000000d5580000)
  object space 784896K, 99% used [0x0000000080000000,0x00000000afe4a2f0,0x00000000afe80000)
 Metaspace       used 76992K, committed 78528K, reserved 1179648K
  class space    used 9420K, committed 10048K, reserved 1048576K
}
Event: 377.483 GC heap after
{Heap after GC invocations=2570 (full 4):
 PSYoungGen      total 11264K, used 256K [0x00000000d5580000, 0x00000000d6980000, 0x0000000100000000)
  eden space 10752K, 0% used [0x00000000d5580000,0x00000000d5580000,0x00000000d6000000)
  from space 512K, 50% used [0x00000000d6000000,0x00000000d6040000,0x00000000d6080000)
  to   space 3072K, 0% used [0x00000000d6680000,0x00000000d6680000,0x00000000d6980000)
 ParOldGen       total 787968K, used 787886K [0x0000000080000000, 0x00000000b0180000, 0x00000000d5580000)
  object space 787968K, 99% used [0x0000000080000000,0x00000000b016bb90,0x00000000b0180000)
 Metaspace       used 76992K, committed 78528K, reserved 1179648K
  class space    used 9420K, committed 10048K, reserved 1048576K
}

Dll operation events (15 events):
Event: 0.012 Loaded shared library c:\Users\Admin\.cursor\extensions\redhat.java-1.45.0-win32-x64\jre\21.0.8-win32-x86_64\bin\java.dll
Event: 0.228 Loaded shared library c:\Users\Admin\.cursor\extensions\redhat.java-1.45.0-win32-x64\jre\21.0.8-win32-x86_64\bin\zip.dll
Event: 0.280 Loaded shared library C:\Users\Admin\.cursor\extensions\redhat.java-1.45.0-win32-x64\jre\21.0.8-win32-x86_64\bin\instrument.dll
Event: 0.286 Loaded shared library C:\Users\Admin\.cursor\extensions\redhat.java-1.45.0-win32-x64\jre\21.0.8-win32-x86_64\bin\net.dll
Event: 0.289 Loaded shared library C:\Users\Admin\.cursor\extensions\redhat.java-1.45.0-win32-x64\jre\21.0.8-win32-x86_64\bin\nio.dll
Event: 0.294 Loaded shared library C:\Users\Admin\.cursor\extensions\redhat.java-1.45.0-win32-x64\jre\21.0.8-win32-x86_64\bin\zip.dll
Event: 0.324 Loaded shared library C:\Users\Admin\.cursor\extensions\redhat.java-1.45.0-win32-x64\jre\21.0.8-win32-x86_64\bin\jimage.dll
Event: 0.473 Loaded shared library c:\Users\Admin\.cursor\extensions\redhat.java-1.45.0-win32-x64\jre\21.0.8-win32-x86_64\bin\verify.dll
Event: 4.351 Loaded shared library C:\Users\Admin\AppData\Roaming\Cursor\User\globalStorage\redhat.java\1.45.0\config_win\org.eclipse.equinox.launcher\org.eclipse.equinox.launcher.win32.win32.x86_64_1.2.1400.v20250801-0854\eclipse_11916.dll
Event: 7.885 Loaded shared library C:\Users\Admin\.cursor\extensions\redhat.java-1.45.0-win32-x64\jre\21.0.8-win32-x86_64\bin\management.dll
Event: 7.894 Loaded shared library C:\Users\Admin\.cursor\extensions\redhat.java-1.45.0-win32-x64\jre\21.0.8-win32-x86_64\bin\management_ext.dll
Event: 12.520 Loaded shared library C:\Users\Admin\AppData\Local\Temp\jna-63116079\jna17569423475428632345.dll
Event: 15.445 Loaded shared library C:\Users\Admin\.cursor\extensions\redhat.java-1.45.0-win32-x64\jre\21.0.8-win32-x86_64\bin\sunmscapi.dll
Event: 15.922 Loaded shared library C:\Users\Admin\.cursor\extensions\redhat.java-1.45.0-win32-x64\jre\21.0.8-win32-x86_64\bin\extnet.dll
Event: 22.115 Loaded shared library C:\Users\Admin\.gradle\native\1def1411415f61bf3af743bc5b6707747c0891f09f0c88961ee8f79bc544acac\windows-amd64\native-platform.dll

Deoptimization events (20 events):
Event: 1329.792 Thread 0x000002cfc55a75f0 Uncommon trap: trap_request=0xffffff45 fr.pc=0x000002cff2f4baf4 relative=0x0000000000000694
Event: 1329.792 Thread 0x000002cfc55a75f0 Uncommon trap: reason=unstable_if action=reinterpret pc=0x000002cff2f4baf4 method=org.eclipse.jdt.core.Signature.encodeQualifiedName([CIILjava/lang/StringBuilder;)I @ 16 c2
Event: 1329.792 Thread 0x000002cfc55a75f0 DEOPT PACKING pc=0x000002cff2f4baf4 sp=0x000000e12b5fe990
Event: 1329.792 Thread 0x000002cfc55a75f0 DEOPT UNPACKING pc=0x000002cff21e3aa2 sp=0x000000e12b5fe950 mode 2
Event: 1329.792 Thread 0x000002cfc55a75f0 Uncommon trap: trap_request=0xffffff45 fr.pc=0x000002cff32bfd08 relative=0x00000000000000e8
Event: 1329.792 Thread 0x000002cfc55a75f0 Uncommon trap: reason=unstable_if action=reinterpret pc=0x000002cff32bfd08 method=org.eclipse.jdt.core.compiler.CharOperation.fragmentEquals([C[CIZ)Z @ 46 c2
Event: 1329.792 Thread 0x000002cfc55a75f0 DEOPT PACKING pc=0x000002cff32bfd08 sp=0x000000e12b5fe9b0
Event: 1329.792 Thread 0x000002cfc55a75f0 DEOPT UNPACKING pc=0x000002cff21e3aa2 sp=0x000000e12b5fe8e0 mode 2
Event: 1329.794 Thread 0x000002cfc55a75f0 Uncommon trap: trap_request=0xffffffde fr.pc=0x000002cff32cbffc relative=0x000000000000047c
Event: 1329.794 Thread 0x000002cfc55a75f0 Uncommon trap: reason=class_check action=maybe_recompile pc=0x000002cff32cbffc method=org.eclipse.core.runtime.SubMonitor$RootInfo.checkForCancellation()V @ 4 c2
Event: 1329.794 Thread 0x000002cfc55a75f0 DEOPT PACKING pc=0x000002cff32cbffc sp=0x000000e12b5feb60
Event: 1329.794 Thread 0x000002cfc55a75f0 DEOPT UNPACKING pc=0x000002cff21e3aa2 sp=0x000000e12b5feaa0 mode 2
Event: 1329.794 Thread 0x000002cfc55a75f0 Uncommon trap: trap_request=0xffffffde fr.pc=0x000002cff32cbffc relative=0x000000000000047c
Event: 1329.794 Thread 0x000002cfc55a75f0 Uncommon trap: reason=class_check action=maybe_recompile pc=0x000002cff32cbffc method=org.eclipse.core.runtime.SubMonitor$RootInfo.checkForCancellation()V @ 4 c2
Event: 1329.794 Thread 0x000002cfc55a75f0 DEOPT PACKING pc=0x000002cff32cbffc sp=0x000000e12b5fe9a0
Event: 1329.794 Thread 0x000002cfc55a75f0 DEOPT UNPACKING pc=0x000002cff21e3aa2 sp=0x000000e12b5fe8e0 mode 2
Event: 1329.795 Thread 0x000002cfc55a75f0 Uncommon trap: trap_request=0xffffff45 fr.pc=0x000002cff2a395cc relative=0x00000000000013ec
Event: 1329.795 Thread 0x000002cfc55a75f0 Uncommon trap: reason=unstable_if action=reinterpret pc=0x000002cff2a395cc method=org.eclipse.jdt.internal.core.index.DiskIndex.addQueryResults([[C[CILorg/eclipse/jdt/internal/core/index/MemoryIndex;)Lorg/eclipse/jdt/internal/compiler/util/HashtableOfObje
Event: 1329.795 Thread 0x000002cfc55a75f0 DEOPT PACKING pc=0x000002cff2a395cc sp=0x000000e12b5fe030
Event: 1329.795 Thread 0x000002cfc55a75f0 DEOPT UNPACKING pc=0x000002cff21e3aa2 sp=0x000000e12b5fdfc0 mode 2

Classes loaded (20 events):
Event: 77.187 Loading class java/util/stream/Nodes$ToArrayTask$OfRef
Event: 77.188 Loading class java/util/stream/Nodes$ToArrayTask
Event: 77.188 Loading class java/util/stream/Nodes$ToArrayTask done
Event: 77.188 Loading class java/util/stream/Nodes$ToArrayTask$OfRef done
Event: 78.610 Loading class java/util/stream/DistinctOps
Event: 78.612 Loading class java/util/stream/DistinctOps done
Event: 78.612 Loading class java/util/stream/DistinctOps$1
Event: 78.613 Loading class java/util/stream/DistinctOps$1 done
Event: 78.674 Loading class java/util/stream/DistinctOps$1$2
Event: 78.674 Loading class java/util/stream/DistinctOps$1$2 done
Event: 164.347 Loading class java/util/concurrent/CompletableFuture$UniApply
Event: 164.348 Loading class java/util/concurrent/CompletableFuture$UniCompletion
Event: 164.348 Loading class java/util/concurrent/CompletableFuture$UniCompletion done
Event: 164.349 Loading class java/util/concurrent/CompletableFuture$UniApply done
Event: 164.350 Loading class java/util/concurrent/CompletableFuture$UniAccept
Event: 164.350 Loading class java/util/concurrent/CompletableFuture$UniAccept done
Event: 164.350 Loading class java/util/concurrent/CompletableFuture$UniExceptionally
Event: 164.351 Loading class java/util/concurrent/CompletableFuture$UniExceptionally done
Event: 375.762 Loading class java/io/SequenceInputStream
Event: 375.763 Loading class java/io/SequenceInputStream done

Classes unloaded (14 events):
Event: 9.644 Thread 0x000002cffe41a880 Unloading class 0x000002cf811a9000 'java/lang/invoke/LambdaForm$MH+0x000002cf811a9000'
Event: 9.644 Thread 0x000002cffe41a880 Unloading class 0x000002cf811a8c00 'java/lang/invoke/LambdaForm$MH+0x000002cf811a8c00'
Event: 9.644 Thread 0x000002cffe41a880 Unloading class 0x000002cf811a8800 'java/lang/invoke/LambdaForm$MH+0x000002cf811a8800'
Event: 9.644 Thread 0x000002cffe41a880 Unloading class 0x000002cf811a8400 'java/lang/invoke/LambdaForm$MH+0x000002cf811a8400'
Event: 9.644 Thread 0x000002cffe41a880 Unloading class 0x000002cf811a8000 'java/lang/invoke/LambdaForm$BMH+0x000002cf811a8000'
Event: 9.644 Thread 0x000002cffe41a880 Unloading class 0x000002cf811a7c00 'java/lang/invoke/LambdaForm$DMH+0x000002cf811a7c00'
Event: 9.644 Thread 0x000002cffe41a880 Unloading class 0x000002cf811a6800 'java/lang/invoke/LambdaForm$DMH+0x000002cf811a6800'
Event: 13.350 Thread 0x000002cffe41a880 Unloading class 0x000002cf812e6000 'java/lang/invoke/LambdaForm$MH+0x000002cf812e6000'
Event: 13.350 Thread 0x000002cffe41a880 Unloading class 0x000002cf812e5800 'java/lang/invoke/LambdaForm$MH+0x000002cf812e5800'
Event: 13.350 Thread 0x000002cffe41a880 Unloading class 0x000002cf812e4c00 'java/lang/invoke/LambdaForm$MH+0x000002cf812e4c00'
Event: 13.350 Thread 0x000002cffe41a880 Unloading class 0x000002cf812e0400 'java/lang/invoke/LambdaForm$MH+0x000002cf812e0400'
Event: 13.350 Thread 0x000002cffe41a880 Unloading class 0x000002cf812df800 'java/lang/invoke/LambdaForm$MH+0x000002cf812df800'
Event: 13.350 Thread 0x000002cffe41a880 Unloading class 0x000002cf812df000 'java/lang/invoke/LambdaForm$MH+0x000002cf812df000'
Event: 13.350 Thread 0x000002cffe41a880 Unloading class 0x000002cf812de800 'java/lang/invoke/LambdaForm$MH+0x000002cf812de800'

Classes redefined (0 events):
No events

Internal exceptions (20 events):
Event: 164.527 Thread 0x000002cfc7bf51d0 Exception <a 'sun/nio/fs/WindowsException'{0x00000000d58eeba0}> (0x00000000d58eeba0) 
thrown [s\src\hotspot\share\prims\jni.cpp, line 520]
Event: 164.527 Thread 0x000002cfc7bf51d0 Exception <a 'sun/nio/fs/WindowsException'{0x00000000d58ef548}> (0x00000000d58ef548) 
thrown [s\src\hotspot\share\prims\jni.cpp, line 520]
Event: 164.528 Thread 0x000002cfc7bf51d0 Exception <a 'sun/nio/fs/WindowsException'{0x00000000d58f04f0}> (0x00000000d58f04f0) 
thrown [s\src\hotspot\share\prims\jni.cpp, line 520]
Event: 164.528 Thread 0x000002cfc7bf51d0 Exception <a 'sun/nio/fs/WindowsException'{0x00000000d58f0e98}> (0x00000000d58f0e98) 
thrown [s\src\hotspot\share\prims\jni.cpp, line 520]
Event: 164.529 Thread 0x000002cfc7bf51d0 Exception <a 'sun/nio/fs/WindowsException'{0x00000000d58f27e8}> (0x00000000d58f27e8) 
thrown [s\src\hotspot\share\prims\jni.cpp, line 520]
Event: 164.530 Thread 0x000002cfc7bf51d0 Exception <a 'sun/nio/fs/WindowsException'{0x00000000d58f3190}> (0x00000000d58f3190) 
thrown [s\src\hotspot\share\prims\jni.cpp, line 520]
Event: 164.569 Thread 0x000002cfc7bf51d0 Exception <a 'sun/nio/fs/WindowsException'{0x00000000d5839af8}> (0x00000000d5839af8) 
thrown [s\src\hotspot\share\prims\jni.cpp, line 520]
Event: 164.569 Thread 0x000002cfc7bf51d0 Exception <a 'sun/nio/fs/WindowsException'{0x00000000d583a4a0}> (0x00000000d583a4a0) 
thrown [s\src\hotspot\share\prims\jni.cpp, line 520]
Event: 164.570 Thread 0x000002cfc7bf51d0 Exception <a 'sun/nio/fs/WindowsException'{0x00000000d583b448}> (0x00000000d583b448) 
thrown [s\src\hotspot\share\prims\jni.cpp, line 520]
Event: 164.570 Thread 0x000002cfc7bf51d0 Exception <a 'sun/nio/fs/WindowsException'{0x00000000d583bdf0}> (0x00000000d583bdf0) 
thrown [s\src\hotspot\share\prims\jni.cpp, line 520]
Event: 164.571 Thread 0x000002cfc7bf51d0 Exception <a 'sun/nio/fs/WindowsException'{0x00000000d583d730}> (0x00000000d583d730) 
thrown [s\src\hotspot\share\prims\jni.cpp, line 520]
Event: 164.571 Thread 0x000002cfc7bf51d0 Exception <a 'sun/nio/fs/WindowsException'{0x00000000d583e0d8}> (0x00000000d583e0d8) 
thrown [s\src\hotspot\share\prims\jni.cpp, line 520]
Event: 375.661 Thread 0x000002cfc6878620 Exception <a 'java/lang/NoSuchMethodError'{0x00000000d5a6ea38}: 'java.lang.Object java.lang.invoke.DirectMethodHandle$Holder.invokeStatic(java.lang.Object, java.lang.Object, int, java.lang.Object)'> (0x00000000d5a6ea38) 
thrown [s\src\hotspot\share\interpreter\linkResolver.cpp, line 773]
Event: 375.663 Thread 0x000002cfc6878620 Exception <a 'java/lang/NoSuchMethodError'{0x00000000d5a75a40}: 'java.lang.Object java.lang.invoke.DirectMethodHandle$Holder.newInvokeSpecial(java.lang.Object, java.lang.Object, int)'> (0x00000000d5a75a40) 
thrown [s\src\hotspot\share\interpreter\linkResolver.cpp, line 773]
Event: 377.468 Thread 0x000002cfc55a6240 Exception <a 'sun/nio/fs/WindowsException'{0x00000000d5da75f8}> (0x00000000d5da75f8) 
thrown [s\src\hotspot\share\prims\jni.cpp, line 520]
Event: 377.468 Thread 0x000002cfc55a6240 Exception <a 'sun/nio/fs/WindowsException'{0x00000000d5da8200}> (0x00000000d5da8200) 
thrown [s\src\hotspot\share\prims\jni.cpp, line 520]
Event: 377.474 Thread 0x000002cfc55a6240 Exception <a 'sun/nio/fs/WindowsException'{0x00000000d5de31f0}> (0x00000000d5de31f0) 
thrown [s\src\hotspot\share\prims\jni.cpp, line 520]
Event: 377.474 Thread 0x000002cfc55a6240 Exception <a 'sun/nio/fs/WindowsException'{0x00000000d5de3e20}> (0x00000000d5de3e20) 
thrown [s\src\hotspot\share\prims\jni.cpp, line 520]
Event: 911.975 Thread 0x000002cfc687e890 Exception <a 'java/lang/IncompatibleClassChangeError'{0x00000000d55df688}: Found class java.lang.Object, but interface was expected> (0x00000000d55df688) 
thrown [s\src\hotspot\share\interpreter\linkResolver.cpp, line 840]
Event: 1329.774 Thread 0x000002cfc55a75f0 Exception <a 'java/lang/NoSuchMethodError'{0x00000000d569f410}: 'java.lang.Object java.lang.invoke.DirectMethodHandle$Holder.invokeStaticInit(java.lang.Object, java.lang.Object, java.lang.Object)'> (0x00000000d569f410) 
thrown [s\src\hotspot\share\interpreter\linkResolver.cpp, line 773]

ZGC Phase Switch (0 events):
No events

VM Operations (20 events):
Event: 1323.033 Executing VM operation: HandshakeAllThreads (HandshakeForDeflation)
Event: 1323.034 Executing VM operation: HandshakeAllThreads (HandshakeForDeflation) done
Event: 1323.034 Executing VM operation: RendezvousGCThreads
Event: 1323.034 Executing VM operation: RendezvousGCThreads done
Event: 1330.038 Executing VM operation: Cleanup
Event: 1330.038 Executing VM operation: Cleanup done
Event: 1346.044 Executing VM operation: Cleanup
Event: 1346.044 Executing VM operation: Cleanup done
Event: 1383.279 Executing VM operation: HandshakeAllThreads (HandshakeForDeflation)
Event: 1383.279 Executing VM operation: HandshakeAllThreads (HandshakeForDeflation) done
Event: 1383.280 Executing VM operation: RendezvousGCThreads
Event: 1383.280 Executing VM operation: RendezvousGCThreads done
Event: 1563.712 Executing VM operation: HandshakeAllThreads (HandshakeForDeflation)
Event: 1563.712 Executing VM operation: HandshakeAllThreads (HandshakeForDeflation) done
Event: 1563.712 Executing VM operation: RendezvousGCThreads
Event: 1563.712 Executing VM operation: RendezvousGCThreads done
Event: 1684.142 Executing VM operation: HandshakeAllThreads (HandshakeForDeflation)
Event: 1684.142 Executing VM operation: HandshakeAllThreads (HandshakeForDeflation) done
Event: 1684.142 Executing VM operation: RendezvousGCThreads
Event: 1684.142 Executing VM operation: RendezvousGCThreads done

Memory protections (0 events):
No events

Nmethod flushes (20 events):
Event: 149.064 Thread 0x000002cffe41a880 flushing osr nmethod 0x000002cfeb92c010
Event: 149.064 Thread 0x000002cffe41a880 flushing  nmethod 0x000002cfeb935690
Event: 149.064 Thread 0x000002cffe41a880 flushing  nmethod 0x000002cfeb935e90
Event: 149.064 Thread 0x000002cffe41a880 flushing  nmethod 0x000002cfeb93d910
Event: 149.064 Thread 0x000002cffe41a880 flushing  nmethod 0x000002cfeb946090
Event: 149.064 Thread 0x000002cffe41a880 flushing  nmethod 0x000002cfeb961390
Event: 149.064 Thread 0x000002cffe41a880 flushing  nmethod 0x000002cfeb966c90
Event: 149.064 Thread 0x000002cffe41a880 flushing  nmethod 0x000002cfeb967510
Event: 149.064 Thread 0x000002cffe41a880 flushing  nmethod 0x000002cfeb968310
Event: 149.064 Thread 0x000002cffe41a880 flushing  nmethod 0x000002cfeb975410
Event: 149.064 Thread 0x000002cffe41a880 flushing  nmethod 0x000002cfeb975b10
Event: 149.064 Thread 0x000002cffe41a880 flushing  nmethod 0x000002cfeb978890
Event: 149.064 Thread 0x000002cffe41a880 flushing  nmethod 0x000002cfeb979010
Event: 149.064 Thread 0x000002cffe41a880 flushing  nmethod 0x000002cfeb97a410
Event: 149.064 Thread 0x000002cffe41a880 flushing  nmethod 0x000002cfeb9a3f90
Event: 149.064 Thread 0x000002cffe41a880 flushing  nmethod 0x000002cfeb9ed190
Event: 149.064 Thread 0x000002cffe41a880 flushing  nmethod 0x000002cfeb9ef290
Event: 149.064 Thread 0x000002cffe41a880 flushing  nmethod 0x000002cfeb9f0490
Event: 149.064 Thread 0x000002cffe41a880 flushing  nmethod 0x000002cfeb9f8110
Event: 149.064 Thread 0x000002cffe41a880 flushing  nmethod 0x000002cfeba1c690

Events (20 events):
Event: 203.962 Thread 0x000002cfc9f7cd80 Thread exited: 0x000002cfc9f7cd80
Event: 224.645 Thread 0x000002cfc7bf6580 Thread exited: 0x000002cfc7bf6580
Event: 224.681 Thread 0x000002cfc687db70 Thread exited: 0x000002cfc687db70
Event: 224.730 Thread 0x000002cfc55a4e90 Thread exited: 0x000002cfc55a4e90
Event: 224.730 Thread 0x000002cfc55a75f0 Thread exited: 0x000002cfc55a75f0
Event: 284.344 Thread 0x000002cfc55a4170 Thread exited: 0x000002cfc55a4170
Event: 284.645 Thread 0x000002cfc7bf51d0 Thread exited: 0x000002cfc7bf51d0
Event: 344.650 Thread 0x000002cfc7bf6c10 Thread exited: 0x000002cfc7bf6c10
Event: 377.465 Thread 0x000002cfc55a6240 Thread added: 0x000002cfc55a4170
Event: 377.467 Thread 0x000002cfc55a4170 Thread exited: 0x000002cfc55a4170
Event: 377.474 Thread 0x000002cfc55a6240 Thread added: 0x000002cfc55a4e90
Event: 377.475 Thread 0x000002cfc55a4e90 Thread added: 0x000002cfc55a75f0
Event: 377.475 Thread 0x000002cfc55a4e90 Thread added: 0x000002cfc55a4170
Event: 377.483 Thread 0x000002cfc55a4170 Thread exited: 0x000002cfc55a4170
Event: 377.484 Thread 0x000002cfc55a75f0 Thread exited: 0x000002cfc55a75f0
Event: 377.484 Thread 0x000002cfc55a4e90 Thread exited: 0x000002cfc55a4e90
Event: 1329.665 Thread 0x000002cfc687e890 Thread added: 0x000002cfc55a75f0
Event: 1329.795 Thread 0x000002cfc55a75f0 Thread added: 0x000002cfc55a4e90
Event: 1389.872 Thread 0x000002cfc55a75f0 Thread exited: 0x000002cfc55a75f0
Event: 1449.873 Thread 0x000002cfc55a4e90 Thread exited: 0x000002cfc55a4e90


Dynamic libraries:
0x00007ff6a8010000 - 0x00007ff6a801e000 	c:\Users\Admin\.cursor\extensions\redhat.java-1.45.0-win32-x64\jre\21.0.8-win32-x86_64\bin\java.exe
0x00007fff4ba50000 - 0x00007fff4bc48000 	C:\Windows\SYSTEM32\ntdll.dll
0x00007fff4aac0000 - 0x00007fff4ab7f000 	C:\Windows\System32\KERNEL32.DLL
0x00007fff49340000 - 0x00007fff49636000 	C:\Windows\System32\KERNELBASE.dll
0x00007fff49790000 - 0x00007fff49890000 	C:\Windows\System32\ucrtbase.dll
0x00007fff385d0000 - 0x00007fff385e8000 	c:\Users\Admin\.cursor\extensions\redhat.java-1.45.0-win32-x64\jre\21.0.8-win32-x86_64\bin\jli.dll
0x00007fff4ad10000 - 0x00007fff4aead000 	C:\Windows\System32\USER32.dll
0x00007fff498c0000 - 0x00007fff498e2000 	C:\Windows\System32\win32u.dll
0x00007fff4a8d0000 - 0x00007fff4a8fc000 	C:\Windows\System32\GDI32.dll
0x00007fff49990000 - 0x00007fff49aa5000 	C:\Windows\System32\gdi32full.dll
0x00007fff498f0000 - 0x00007fff4998d000 	C:\Windows\System32\msvcp_win.dll
0x00007fff37770000 - 0x00007fff3778e000 	c:\Users\Admin\.cursor\extensions\redhat.java-1.45.0-win32-x64\jre\21.0.8-win32-x86_64\bin\VCRUNTIME140.dll
0x00007fff38610000 - 0x00007fff388aa000 	C:\Windows\WinSxS\amd64_microsoft.windows.common-controls_6595b64144ccf1df_6.0.19041.1110_none_60b5254171f9507e\COMCTL32.dll
0x00007fff4b060000 - 0x00007fff4b0fe000 	C:\Windows\System32\msvcrt.dll
0x00007fff4a900000 - 0x00007fff4a930000 	C:\Windows\System32\IMM32.DLL
0x00007fff41e40000 - 0x00007fff41e4c000 	c:\Users\Admin\.cursor\extensions\redhat.java-1.45.0-win32-x64\jre\21.0.8-win32-x86_64\bin\vcruntime140_1.dll
0x00007fff23890000 - 0x00007fff2391d000 	c:\Users\Admin\.cursor\extensions\redhat.java-1.45.0-win32-x64\jre\21.0.8-win32-x86_64\bin\msvcp140.dll
0x00007fff07680000 - 0x00007fff08417000 	c:\Users\Admin\.cursor\extensions\redhat.java-1.45.0-win32-x64\jre\21.0.8-win32-x86_64\bin\server\jvm.dll
0x00007fff4b5b0000 - 0x00007fff4b65f000 	C:\Windows\System32\ADVAPI32.dll
0x00007fff4b100000 - 0x00007fff4b19c000 	C:\Windows\System32\sechost.dll
0x00007fff4aec0000 - 0x00007fff4afe6000 	C:\Windows\System32\RPCRT4.dll
0x00007fff4aff0000 - 0x00007fff4b05b000 	C:\Windows\System32\WS2_32.dll
0x00007fff48f90000 - 0x00007fff48fdb000 	C:\Windows\SYSTEM32\POWRPROF.dll
0x00007fff34f60000 - 0x00007fff34f87000 	C:\Windows\SYSTEM32\WINMM.dll
0x00007fff420a0000 - 0x00007fff420aa000 	C:\Windows\SYSTEM32\VERSION.dll
0x00007fff48f70000 - 0x00007fff48f82000 	C:\Windows\SYSTEM32\UMPDC.dll
0x00007fff47b30000 - 0x00007fff47b42000 	C:\Windows\SYSTEM32\kernel.appcore.dll
0x00007fff39630000 - 0x00007fff3963a000 	c:\Users\Admin\.cursor\extensions\redhat.java-1.45.0-win32-x64\jre\21.0.8-win32-x86_64\bin\jimage.dll
0x00007fff47080000 - 0x00007fff47264000 	C:\Windows\SYSTEM32\DBGHELP.DLL
0x00007fff2aed0000 - 0x00007fff2af04000 	C:\Windows\SYSTEM32\dbgcore.DLL
0x00007fff49700000 - 0x00007fff49782000 	C:\Windows\System32\bcryptPrimitives.dll
0x00007fff444b0000 - 0x00007fff444bf000 	c:\Users\Admin\.cursor\extensions\redhat.java-1.45.0-win32-x64\jre\21.0.8-win32-x86_64\bin\instrument.dll
0x00007fff36910000 - 0x00007fff3692f000 	c:\Users\Admin\.cursor\extensions\redhat.java-1.45.0-win32-x64\jre\21.0.8-win32-x86_64\bin\java.dll
0x00007fff4a180000 - 0x00007fff4a8c4000 	C:\Windows\System32\SHELL32.dll
0x00007fff47380000 - 0x00007fff47b13000 	C:\Windows\SYSTEM32\windows.storage.dll
0x00007fff4b1a0000 - 0x00007fff4b4f4000 	C:\Windows\System32\combase.dll
0x00007fff48aa0000 - 0x00007fff48ace000 	C:\Windows\SYSTEM32\Wldp.dll
0x00007fff4b500000 - 0x00007fff4b5ad000 	C:\Windows\System32\SHCORE.dll
0x00007fff4b740000 - 0x00007fff4b795000 	C:\Windows\System32\shlwapi.dll
0x00007fff49060000 - 0x00007fff49085000 	C:\Windows\SYSTEM32\profapi.dll
0x00007fff31280000 - 0x00007fff31298000 	c:\Users\Admin\.cursor\extensions\redhat.java-1.45.0-win32-x64\jre\21.0.8-win32-x86_64\bin\zip.dll
0x00007fff39040000 - 0x00007fff39050000 	C:\Users\Admin\.cursor\extensions\redhat.java-1.45.0-win32-x64\jre\21.0.8-win32-x86_64\bin\net.dll
0x00007fff3f0d0000 - 0x00007fff3f1da000 	C:\Windows\SYSTEM32\WINHTTP.dll
0x00007fff48800000 - 0x00007fff4886a000 	C:\Windows\system32\mswsock.dll
0x00007fff31260000 - 0x00007fff31276000 	C:\Users\Admin\.cursor\extensions\redhat.java-1.45.0-win32-x64\jre\21.0.8-win32-x86_64\bin\nio.dll
0x00007fff37c30000 - 0x00007fff37c40000 	c:\Users\Admin\.cursor\extensions\redhat.java-1.45.0-win32-x64\jre\21.0.8-win32-x86_64\bin\verify.dll
0x00007fff25fb0000 - 0x00007fff25ff4000 	C:\Users\Admin\AppData\Roaming\Cursor\User\globalStorage\redhat.java\1.45.0\config_win\org.eclipse.equinox.launcher\org.eclipse.equinox.launcher.win32.win32.x86_64_1.2.1400.v20250801-0854\eclipse_11916.dll
0x00007fff4a930000 - 0x00007fff4aa5a000 	C:\Windows\System32\ole32.dll
0x00007fff38e10000 - 0x00007fff38e1a000 	C:\Users\Admin\.cursor\extensions\redhat.java-1.45.0-win32-x64\jre\21.0.8-win32-x86_64\bin\management.dll
0x00007fff38b80000 - 0x00007fff38b8b000 	C:\Users\Admin\.cursor\extensions\redhat.java-1.45.0-win32-x64\jre\21.0.8-win32-x86_64\bin\management_ext.dll
0x00007fff4ad00000 - 0x00007fff4ad08000 	C:\Windows\System32\PSAPI.DLL
0x00007fff48a00000 - 0x00007fff48a18000 	C:\Windows\SYSTEM32\CRYPTSP.dll
0x00007fff48320000 - 0x00007fff48354000 	C:\Windows\system32\rsaenh.dll
0x00007fff49890000 - 0x00007fff498b7000 	C:\Windows\System32\bcrypt.dll
0x00007fff49020000 - 0x00007fff4904e000 	C:\Windows\SYSTEM32\USERENV.dll
0x00007fff489f0000 - 0x00007fff489fc000 	C:\Windows\SYSTEM32\CRYPTBASE.dll
0x00007fff484f0000 - 0x00007fff4852b000 	C:\Windows\SYSTEM32\IPHLPAPI.DLL
0x00007fff4acf0000 - 0x00007fff4acf8000 	C:\Windows\System32\NSI.dll
0x00007fff37080000 - 0x00007fff370c9000 	C:\Users\Admin\AppData\Local\Temp\jna-63116079\jna17569423475428632345.dll
0x00007fff403d0000 - 0x00007fff403e7000 	C:\Windows\SYSTEM32\dhcpcsvc6.DLL
0x00007fff42dd0000 - 0x00007fff42ded000 	C:\Windows\SYSTEM32\dhcpcsvc.DLL
0x00007fff389e0000 - 0x00007fff389ee000 	C:\Users\Admin\.cursor\extensions\redhat.java-1.45.0-win32-x64\jre\21.0.8-win32-x86_64\bin\sunmscapi.dll
0x00007fff491e0000 - 0x00007fff4933e000 	C:\Windows\System32\CRYPT32.dll
0x00007fff48b10000 - 0x00007fff48b38000 	C:\Windows\SYSTEM32\ncrypt.dll
0x00007fff48ad0000 - 0x00007fff48b0b000 	C:\Windows\SYSTEM32\NTASN1.dll
0x00007fff48530000 - 0x00007fff485fa000 	C:\Windows\SYSTEM32\DNSAPI.dll
0x0000000075770000 - 0x0000000075796000 	C:\Program Files\Bonjour\mdnsNSP.dll
0x00007fff366c0000 - 0x00007fff366ca000 	C:\Windows\System32\rasadhlp.dll
0x00007fff36f30000 - 0x00007fff36fb2000 	C:\Windows\System32\fwpuclnt.dll
0x00007fff385c0000 - 0x00007fff385c9000 	C:\Users\Admin\.cursor\extensions\redhat.java-1.45.0-win32-x64\jre\21.0.8-win32-x86_64\bin\extnet.dll
0x00007fff23490000 - 0x00007fff234b7000 	C:\Users\Admin\.gradle\native\1def1411415f61bf3af743bc5b6707747c0891f09f0c88961ee8f79bc544acac\windows-amd64\native-platform.dll
0x00007fff43d70000 - 0x00007fff43d77000 	C:\Windows\system32\wshunix.dll

JVMTI agents:
c:\Users\Admin\.cursor\extensions\redhat.java-1.45.0-win32-x64\lombok\lombok-1.18.39-4050.jar path:c:\Users\Admin\.cursor\extensions\redhat.java-1.45.0-win32-x64\jre\21.0.8-win32-x86_64\bin\instrument.dll, loaded, initialized, instrumentlib options:none

dbghelp: loaded successfully - version: 4.0.5 - missing functions: none
symbol engine: initialized successfully - sym options: 0x614 - pdb path: .;c:\Users\Admin\.cursor\extensions\redhat.java-1.45.0-win32-x64\jre\21.0.8-win32-x86_64\bin;C:\Windows\SYSTEM32;C:\Windows\WinSxS\amd64_microsoft.windows.common-controls_6595b64144ccf1df_6.0.19041.1110_none_60b5254171f9507e;c:\Users\Admin\.cursor\extensions\redhat.java-1.45.0-win32-x64\jre\21.0.8-win32-x86_64\bin\server;C:\Users\Admin\AppData\Roaming\Cursor\User\globalStorage\redhat.java\1.45.0\config_win\org.eclipse.equinox.launcher\org.eclipse.equinox.launcher.win32.win32.x86_64_1.2.1400.v20250801-0854;C:\Users\Admin\AppData\Local\Temp\jna-63116079;C:\Program Files\Bonjour;C:\Users\Admin\.gradle\native\1def1411415f61bf3af743bc5b6707747c0891f09f0c88961ee8f79bc544acac\windows-amd64

VM Arguments:
jvm_args: --add-modules=ALL-SYSTEM --add-opens=java.base/java.util=ALL-UNNAMED --add-opens=java.base/java.lang=ALL-UNNAMED --add-opens=java.base/sun.nio.fs=ALL-UNNAMED -Declipse.application=org.eclipse.jdt.ls.core.id1 -Dosgi.bundles.defaultStartLevel=4 -Declipse.product=org.eclipse.jdt.ls.core.product -Djava.import.generatesMetadataFilesAtProjectRoot=false -DDetectVMInstallationsJob.disabled=true -Dfile.encoding=utf8 -XX:+UseParallelGC -XX:GCTimeRatio=4 -XX:AdaptiveSizePolicyWeight=90 -Dsun.zip.disableMemoryMapping=true -Xmx2G -Xms100m -Xlog:disable -javaagent:c:\Users\Admin\.cursor\extensions\redhat.java-1.45.0-win32-x64\lombok\lombok-1.18.39-4050.jar -XX:+HeapDumpOnOutOfMemoryError -XX:HeapDumpPath=c:\Users\Admin\AppData\Roaming\Cursor\User\workspaceStorage\51d9f38fa83fbc9890d8eb8c94766a67\redhat.java -Daether.dependencyCollector.impl=bf 
java_command: c:\Users\Admin\.cursor\extensions\redhat.java-1.45.0-win32-x64\server\plugins\org.eclipse.equinox.launcher_1.7.0.v20250519-0528.jar -configuration c:\Users\Admin\AppData\Roaming\Cursor\User\globalStorage\redhat.java\1.45.0\config_win -data c:\Users\Admin\AppData\Roaming\Cursor\User\workspaceStorage\51d9f38fa83fbc9890d8eb8c94766a67\redhat.java\jdt_ws --pipe=\\.\pipe\lsp-9989618bfc365cff550f9f4766a134ac-sock
java_class_path (initial): c:\Users\Admin\.cursor\extensions\redhat.java-1.45.0-win32-x64\server\plugins\org.eclipse.equinox.launcher_1.7.0.v20250519-0528.jar
Launcher Type: SUN_STANDARD

[Global flags]
    uintx AdaptiveSizePolicyWeight                 = 90                                        {product} {command line}
     intx CICompilerCount                          = 3                                         {product} {ergonomic}
    uintx GCTimeRatio                              = 4                                         {product} {command line}
     bool HeapDumpOnOutOfMemoryError               = true                                   {manageable} {command line}
    ccstr HeapDumpPath                             = c:\Users\Admin\AppData\Roaming\Cursor\User\workspaceStorage\51d9f38fa83fbc9890d8eb8c94766a67\redhat.java         {manageable} {command line}
   size_t InitialHeapSize                          = 104857600                                 {product} {command line}
   size_t MaxHeapSize                              = 2147483648                                {product} {command line}
   size_t MaxNewSize                               = 715653120                                 {product} {ergonomic}
   size_t MinHeapDeltaBytes                        = 524288                                    {product} {ergonomic}
   size_t MinHeapSize                              = 104857600                                 {product} {command line}
   size_t NewSize                                  = 34603008                                  {product} {ergonomic}
    uintx NonNMethodCodeHeapSize                   = 5832780                                {pd product} {ergonomic}
    uintx NonProfiledCodeHeapSize                  = 122912730                              {pd product} {ergonomic}
   size_t OldSize                                  = 70254592                                  {product} {ergonomic}
    uintx ProfiledCodeHeapSize                     = 122912730                              {pd product} {ergonomic}
    uintx ReservedCodeCacheSize                    = 251658240                              {pd product} {ergonomic}
     bool SegmentedCodeCache                       = true                                      {product} {ergonomic}
   size_t SoftMaxHeapSize                          = 2147483648                             {manageable} {ergonomic}
     bool UseCompressedOops                        = true                           {product lp64_product} {ergonomic}
     bool UseLargePagesIndividualAllocation        = false                                  {pd product} {ergonomic}
     bool UseParallelGC                            = true                                      {product} {command line}

Logging:
Log output configuration:
 #0: stdout all=off uptime,level,tags foldmultilines=false
 #1: stderr all=off uptime,level,tags foldmultilines=false

Environment Variables:
JAVA_HOME=C:\Program Files\Eclipse Adoptium\jdk-21.0.8.9-hotspot\
PATH=C:\Program Files\Eclipse Adoptium\jdk-21.0.8.9-hotspot\bin;C:\Program Files\OpenLogic\jdk-21.0.8.9-hotspot\bin;C:\Windows\system32;C:\Windows;C:\Windows\System32\Wbem;C:\Windows\System32\WindowsPowerShell\v1.0\;C:\Windows\System32\OpenSSH\;C:\Program Files\dotnet\;C:\Program Files (x86)\Intel\Intel(R) Management Engine Components\DAL;C:\Program Files\Intel\Intel(R) Management Engine Components\DAL;C:\Program Files\Intel\WiFi\bin\;C:\Program Files\Common Files\Intel\WirelessCommon\;c:\Users\Admin\AppData\Local\Programs\cursor\resources\app\bin;c:\Users\Admin\AppData\Local\Programs\cursor\resources\app\bin;C:\ProgramData\chocolatey\bin;C:\flutter\bin;C:\Users\Admin\AppData\Local\Pub\Cache\bin;C:\Users\Admin\AppData\Roaming\npm;C:\Users\Admin\AppData\Local\Programs\Python;C:\Users\Admin\AppData\Local\Programs\Python\Python313;C:\Users\Admin\AppData\Local\Programs\Python\Python313\Scripts;C:\Program Files\nodejs\;C:\Users\Admin\AppData\Local\Programs\Python\Launcher\;$($env:PATH);$env:USERPROFILE\AppData\Local\Pub\Cache\bin;C:\Users\Admin\AppData\Roaming\npm;C:\adb;C:\Program Files\GitHub CLI\;C:\Program Files\Git\cmd;C:\adb;C:\Users\Admin\AppData\Local\Android\cmdline-tools\bin;c:\Users\Admin\AppData\Local\Programs\cursor\resources\app\codeBin;C:\Program Files\Eclipse Adoptium\jdk-21.0.8.9-hotspot\bin;C:\Program Files\OpenLogic\jdk-21.0.8.9-hotspot\bin;C:\Windows\system32;C:\Windows;C:\Windows\System32\Wbem;C:\Windows\System32\WindowsPowerShell\v1.0\;C:\Windows\System32\OpenSSH\;C:\Program Files\dotnet\;C:\Program Files (x86)\Intel\Intel(R) Management Engine Components\DAL;C:\Program Files\Intel\Intel(R) Management Engine Components\DAL;C:\Program Files\Intel\WiFi\bin\;C:\Program Files\Common Files\Intel\WirelessCommon\;c:\Users\Admin\AppData\Local\Programs\cursor\resources\app\bin;c:\Users\Admin\AppData\Local\Programs\cursor\resources\app\bin;C:\ProgramData\chocolatey\bin;C:\flutter\bin;C:\Users\Admin\AppData\Local\Pub\Cache\bin;C:\Users\Admin\AppData\Roaming\npm;C:\Users\Admin\AppData\Local\Programs\Python;C:\Users\Admin\AppData\Local\Programs\Python\Python313;C:\Users\Admin\AppData\Local\Programs\Python\Python313\Scripts;C:\Program Files\nodejs\;C:\Users\Admin\AppData\Local\Programs\Python\Launcher\;$($env:PATH);$env:USERPROFILE\AppData\Local\Pub\Cache\bin;C:\Users\Admin\AppData\Roaming\npm;C:\adb;C:\Program Files\GitHub CLI\;C:\Program Files\Git\cmd;C:\adb;C:\Users\Admin\AppData\Local\Android\cmdline-tools\bin;;C:\Android\Sdk\cmdline-tools\bin;C:\Android\Sdk\platform-tools
USERNAME=Admin
OS=Windows_NT
PROCESSOR_IDENTIFIER=Intel64 Family 6 Model 142 Stepping 9, GenuineIntel
TMP=C:\Users\Admin\AppData\Local\Temp
TEMP=C:\Users\Admin\AppData\Local\Temp




Periodic native trim disabled

---------------  S Y S T E M  ---------------

OS:
 Windows 10 , 64 bit Build 19041 (10.0.19041.3155)
OS uptime: 0 days 2:55 hours

CPU: total 4 (initial active 4) (2 cores per cpu, 2 threads per core) family 6 model 142 stepping 9 microcode 0xf6, cx8, cmov, fxsr, ht, mmx, 3dnowpref, sse, sse2, sse3, ssse3, sse4.1, sse4.2, popcnt, lzcnt, tsc, tscinvbit, avx, avx2, aes, erms, clmul, bmi1, bmi2, rtm, adx, fma, vzeroupper, clflush, clflushopt, rdtscp, f16c
Processor Information for the first 4 processors :
  Max Mhz: 2701, Current Mhz: 2000, Mhz Limit: 1998

Memory: 4k page, system-wide physical 8073M (173M free)
TotalPageFile size 16265M (AvailPageFile size 1M)
current process WorkingSet (physical memory assigned to process): 1034M, peak: 1625M
current process commit charge ("private bytes"): 1106M, peak: 1710M

vm_info: OpenJDK 64-Bit Server VM (21.0.8+9-LTS) for windows-amd64 JRE (21.0.8+9-LTS), built on 2025-07-15T00:00:00Z by "admin" with MS VC++ 17.7 (VS2022)

END.
