#
# There is insufficient memory for the Java Runtime Environment to continue.
# Native memory allocation (malloc) failed to allocate 1048576 bytes. Error detail: AllocateHeap
# Possible reasons:
#   The system is out of physical RAM or swap space
#   This process is running with CompressedOops enabled, and the Java Heap may be blocking the growth of the native heap
# Possible solutions:
#   Reduce memory load on the system
#   Increase physical memory or swap space
#   Check if swap backing store is full
#   Decrease Java heap size (-Xmx/-Xms)
#   Decrease number of Java threads
#   Decrease Java thread stack sizes (-Xss)
#   Set larger code cache with -XX:ReservedCodeCacheSize=
#   JVM is running with Unscaled Compressed Oops mode in which the Java heap is
#     placed in the first 4GB address space. The Java Heap base address is the
#     maximum limit for the native heap growth. Please use -XX:HeapBaseMinAddress
#     to set the Java Heap base and to place the Java Heap above 4GB virtual address.
# This output file may be truncated or incomplete.
#
#  Out of Memory Error (allocation.cpp:44), pid=8780, tid=832
#
# JRE version: OpenJDK Runtime Environment Temurin-21.0.8+9 (21.0.8+9) (build 21.0.8+9-LTS)
# Java VM: OpenJDK 64-Bit Server VM Temurin-21.0.8+9 (21.0.8+9-LTS, mixed mode, sharing, tiered, compressed oops, compressed class ptrs, parallel gc, windows-amd64)
# No core dump will be written. Minidumps are not enabled by default on client versions of Windows
#

---------------  S U M M A R Y ------------

Command Line: --add-modules=ALL-SYSTEM --add-opens=java.base/java.util=ALL-UNNAMED --add-opens=java.base/java.lang=ALL-UNNAMED --add-opens=java.base/sun.nio.fs=ALL-UNNAMED -Declipse.application=org.eclipse.jdt.ls.core.id1 -Dosgi.bundles.defaultStartLevel=4 -Declipse.product=org.eclipse.jdt.ls.core.product -Djava.import.generatesMetadataFilesAtProjectRoot=false -DDetectVMInstallationsJob.disabled=true -Dfile.encoding=utf8 -XX:+UseParallelGC -XX:GCTimeRatio=4 -XX:AdaptiveSizePolicyWeight=90 -Dsun.zip.disableMemoryMapping=true -Xmx2G -Xms100m -Xlog:disable -javaagent:c:\Users\Admin\.cursor\extensions\redhat.java-1.44.0-win32-x64\lombok\lombok-1.18.39-4050.jar -XX:+HeapDumpOnOutOfMemoryError -XX:HeapDumpPath=c:\Users\Admin\AppData\Roaming\Cursor\User\workspaceStorage\3a0cc4eedfa49456984421926e8f80a6\redhat.java -Daether.dependencyCollector.impl=bf c:\Users\Admin\.cursor\extensions\redhat.java-1.44.0-win32-x64\server\plugins\org.eclipse.equinox.launcher_1.7.0.v20250519-0528.jar -configuration c:\Users\Admin\AppData\Roaming\Cursor\User\globalStorage\redhat.java\1.44.0\config_win -data c:\Users\Admin\AppData\Roaming\Cursor\User\workspaceStorage\3a0cc4eedfa49456984421926e8f80a6\redhat.java\jdt_ws --pipe=\\.\pipe\lsp-e96933ae93d508b2c13864c18b164794-sock

Host: Intel(R) Core(TM) i5-7300U CPU @ 2.60GHz, 4 cores, 7G,  Windows 10 , 64 bit Build 19041 (10.0.19041.3155)
Time: Tue Aug 19 04:54:58 2025 India Standard Time elapsed time: 24124.316371 seconds (0d 6h 42m 4s)

---------------  T H R E A D  ---------------

Current thread (0x000001b8efbd8a30):  JavaThread "Attach Listener" daemon [_thread_in_vm, id=832, stack(0x0000008d32100000,0x0000008d32200000) (1024K)]

Stack: [0x0000008d32100000,0x0000008d32200000]
Native frames: (J=compiled Java code, j=interpreted, Vv=VM code, C=native code)
V  [jvm.dll+0x6d2449]
V  [jvm.dll+0x8ae341]
V  [jvm.dll+0x8b08be]
V  [jvm.dll+0x8b0fa3]
V  [jvm.dll+0x280c96]
V  [jvm.dll+0xc0347]
V  [jvm.dll+0x6d2cf9]
V  [jvm.dll+0x131116]
V  [jvm.dll+0x3f2d16]
V  [jvm.dll+0x857e6b]
V  [jvm.dll+0x6d0b0d]
C  [ucrtbase.dll+0x21bb2]
C  [KERNEL32.DLL+0x17614]
C  [ntdll.dll+0x526b1]


---------------  P R O C E S S  ---------------

Threads class SMR info:
_java_thread_list=0x000001b8d1deda30, length=42, elements={
0x000001b8efcec7a0, 0x000001b8efbd5b50, 0x000001b8efbd6c10, 0x000001b8efbd7b20,
0x000001b8efbd8a30, 0x000001b8efbdb850, 0x000001b8efbdd2b0, 0x000001b8efbde030,
0x000001b8efc51b90, 0x000001b8efcae100, 0x000001b8f84cf4d0, 0x000001b8f8b21200,
0x000001b8f8dc3540, 0x000001b8f8dbcc00, 0x000001b8f8e4e700, 0x000001b8fd1c0c30,
0x000001b8fd1c12c0, 0x000001b8fd1c1950, 0x000001b8fd1c05a0, 0x000001b8fe9f8dd0,
0x000001b8fe9f45a0, 0x000001b8fe9f3f10, 0x000001b8fe9f4c30, 0x000001b8fe9f7390,
0x000001b8fe9f6d00, 0x000001b8fe9f9af0, 0x000001b8fe9fa180, 0x000001b8fe9f52c0,
0x000001b8fe9f5950, 0x000001b8fe9f5fe0, 0x000001b8d09eca10, 0x000001b8d09e7b50,
0x000001b8d09e8f00, 0x000001b8d09e9590, 0x000001b8d09eb660, 0x000001b8d09eafd0,
0x000001b8d09e9c20, 0x000001b8d09ea2b0, 0x000001b8d09e81e0, 0x000001b8d09ed0a0,
0x000001b8fe9f9460, 0x000001b8fe9f7a20
}

Java Threads: ( => current thread )
  0x000001b8efcec7a0 JavaThread "main"                              [_thread_blocked, id=9056, stack(0x0000008d31a00000,0x0000008d31b00000) (1024K)]
  0x000001b8efbd5b50 JavaThread "Reference Handler"          daemon [_thread_blocked, id=9528, stack(0x0000008d31e00000,0x0000008d31f00000) (1024K)]
  0x000001b8efbd6c10 JavaThread "Finalizer"                  daemon [_thread_blocked, id=9508, stack(0x0000008d31f00000,0x0000008d32000000) (1024K)]
  0x000001b8efbd7b20 JavaThread "Signal Dispatcher"          daemon [_thread_blocked, id=6340, stack(0x0000008d32000000,0x0000008d32100000) (1024K)]
=>0x000001b8efbd8a30 JavaThread "Attach Listener"            daemon [_thread_in_vm, id=832, stack(0x0000008d32100000,0x0000008d32200000) (1024K)]
  0x000001b8efbdb850 JavaThread "Service Thread"             daemon [_thread_blocked, id=9160, stack(0x0000008d32200000,0x0000008d32300000) (1024K)]
  0x000001b8efbdd2b0 JavaThread "Monitor Deflation Thread"   daemon [_thread_blocked, id=9356, stack(0x0000008d32300000,0x0000008d32400000) (1024K)]
  0x000001b8efbde030 JavaThread "C2 CompilerThread0"         daemon [_thread_blocked, id=2184, stack(0x0000008d32400000,0x0000008d32500000) (1024K)]
  0x000001b8efc51b90 JavaThread "C1 CompilerThread0"         daemon [_thread_blocked, id=9284, stack(0x0000008d32500000,0x0000008d32600000) (1024K)]
  0x000001b8efcae100 JavaThread "Common-Cleaner"             daemon [_thread_blocked, id=9584, stack(0x0000008d32600000,0x0000008d32700000) (1024K)]
  0x000001b8f84cf4d0 JavaThread "Notification Thread"        daemon [_thread_blocked, id=9724, stack(0x0000008d32700000,0x0000008d32800000) (1024K)]
  0x000001b8f8b21200 JavaThread "Active Thread: Equinox Container: e53b8043-415d-4078-bd3c-b49c92a5f4b4"        [_thread_blocked, id=9768, stack(0x0000008d32c00000,0x0000008d32d00000) (1024K)]
  0x000001b8f8dc3540 JavaThread "Refresh Thread: Equinox Container: e53b8043-415d-4078-bd3c-b49c92a5f4b4" daemon [_thread_blocked, id=7928, stack(0x0000008d32b00000,0x0000008d32c00000) (1024K)]
  0x000001b8f8dbcc00 JavaThread "Framework Event Dispatcher: Equinox Container: e53b8043-415d-4078-bd3c-b49c92a5f4b4" daemon [_thread_blocked, id=10040, stack(0x0000008d32d00000,0x0000008d32e00000) (1024K)]
  0x000001b8f8e4e700 JavaThread "Start Level: Equinox Container: e53b8043-415d-4078-bd3c-b49c92a5f4b4" daemon [_thread_blocked, id=6120, stack(0x0000008d32e00000,0x0000008d32f00000) (1024K)]
  0x000001b8fd1c0c30 JavaThread "Bundle File Closer"         daemon [_thread_blocked, id=9388, stack(0x0000008d33000000,0x0000008d33100000) (1024K)]
  0x000001b8fd1c12c0 JavaThread "SCR Component Actor"        daemon [_thread_blocked, id=9672, stack(0x0000008d32f00000,0x0000008d33000000) (1024K)]
  0x000001b8fd1c1950 JavaThread "Worker-JM"                         [_thread_blocked, id=8380, stack(0x0000008d33200000,0x0000008d33300000) (1024K)]
  0x000001b8fd1c05a0 JavaThread "JNA Cleaner"                daemon [_thread_blocked, id=7088, stack(0x0000008d33300000,0x0000008d33400000) (1024K)]
  0x000001b8fe9f8dd0 JavaThread "Java indexing"              daemon [_thread_blocked, id=9084, stack(0x0000008d33900000,0x0000008d33a00000) (1024K)]
  0x000001b8fe9f45a0 JavaThread "Thread-2"                   daemon [_thread_in_native, id=9532, stack(0x0000008d33f00000,0x0000008d34000000) (1024K)]
  0x000001b8fe9f3f10 JavaThread "Thread-3"                   daemon [_thread_in_native, id=9464, stack(0x0000008d34000000,0x0000008d34100000) (1024K)]
  0x000001b8fe9f4c30 JavaThread "Thread-4"                   daemon [_thread_in_native, id=9384, stack(0x0000008d34100000,0x0000008d34200000) (1024K)]
  0x000001b8fe9f7390 JavaThread "Thread-5"                   daemon [_thread_in_native, id=9648, stack(0x0000008d34200000,0x0000008d34300000) (1024K)]
  0x000001b8fe9f6d00 JavaThread "Thread-6"                   daemon [_thread_in_native, id=8968, stack(0x0000008d34300000,0x0000008d34400000) (1024K)]
  0x000001b8fe9f9af0 JavaThread "pool-2-thread-1"                   [_thread_blocked, id=9592, stack(0x0000008d34500000,0x0000008d34600000) (1024K)]
  0x000001b8fe9fa180 JavaThread "Timer-0"                           [_thread_blocked, id=8908, stack(0x0000008d33100000,0x0000008d33200000) (1024K)]
  0x000001b8fe9f52c0 JavaThread "WorkspaceEventsHandler"            [_thread_blocked, id=9556, stack(0x0000008d34600000,0x0000008d34700000) (1024K)]
  0x000001b8fe9f5950 JavaThread "pool-1-thread-1"                   [_thread_blocked, id=3824, stack(0x0000008d34700000,0x0000008d34800000) (1024K)]
  0x000001b8fe9f5fe0 JavaThread "Timer-1"                           [_thread_blocked, id=5840, stack(0x0000008d34800000,0x0000008d34900000) (1024K)]
  0x000001b8d09eca10 JavaThread "Timer-2"                           [_thread_blocked, id=9856, stack(0x0000008d35100000,0x0000008d35200000) (1024K)]
  0x000001b8d09e7b50 JavaThread "Timer-3"                           [_thread_blocked, id=9980, stack(0x0000008d34900000,0x0000008d34a00000) (1024K)]
  0x000001b8d09e8f00 JavaThread "Timer-4"                           [_thread_blocked, id=9828, stack(0x0000008d35300000,0x0000008d35400000) (1024K)]
  0x000001b8d09e9590 JavaThread "Timer-5"                           [_thread_blocked, id=10004, stack(0x0000008d35200000,0x0000008d35300000) (1024K)]
  0x000001b8d09eb660 JavaThread "Timer-6"                           [_thread_blocked, id=9668, stack(0x0000008d35400000,0x0000008d35500000) (1024K)]
  0x000001b8d09eafd0 JavaThread "Timer-7"                           [_thread_blocked, id=6912, stack(0x0000008d35500000,0x0000008d35600000) (1024K)]
  0x000001b8d09e9c20 JavaThread "Timer-8"                           [_thread_blocked, id=9832, stack(0x0000008d31900000,0x0000008d31a00000) (1024K)]
  0x000001b8d09ea2b0 JavaThread "Timer-9"                           [_thread_blocked, id=5512, stack(0x0000008d33500000,0x0000008d33600000) (1024K)]
  0x000001b8d09e81e0 JavaThread "Timer-10"                          [_thread_blocked, id=8840, stack(0x0000008d31800000,0x0000008d31900000) (1024K)]
  0x000001b8d09ed0a0 JavaThread "Timer-11"                          [_thread_blocked, id=9440, stack(0x0000008d33800000,0x0000008d33900000) (1024K)]
  0x000001b8fe9f9460 JavaThread "Worker-10"                         [_thread_blocked, id=11192, stack(0x0000008d33400000,0x0000008d33500000) (1024K)]
  0x000001b8fe9f7a20 JavaThread "Worker-12"                         [_thread_blocked, id=7256, stack(0x0000008d33600000,0x0000008d33700000) (1024K)]
Total: 42

Other Threads:
  0x000001b8efbb6480 VMThread "VM Thread"                           [id=9376, stack(0x0000008d31d00000,0x0000008d31e00000) (1024K)]
  0x000001b8efb31c40 WatcherThread "VM Periodic Task Thread"        [id=9472, stack(0x0000008d31c00000,0x0000008d31d00000) (1024K)]
  0x000001b8efd09a00 WorkerThread "GC Thread#0"                     [id=9136, stack(0x0000008d31b00000,0x0000008d31c00000) (1024K)]
  0x000001b8f852a010 WorkerThread "GC Thread#1"                     [id=9792, stack(0x0000008d32800000,0x0000008d32900000) (1024K)]
  0x000001b8f852a7b0 WorkerThread "GC Thread#2"                     [id=9292, stack(0x0000008d32900000,0x0000008d32a00000) (1024K)]
  0x000001b8f8884eb0 WorkerThread "GC Thread#3"                     [id=10164, stack(0x0000008d32a00000,0x0000008d32b00000) (1024K)]
Total: 6

Threads with active compile tasks:
Total: 0

VM state: not at safepoint (normal execution)

VM Mutex/Monitor currently owned by a thread: None

Heap address: 0x0000000080000000, size: 2048 MB, Compressed Oops mode: 32-bit

CDS archive(s) mapped at: [0x000001b88f000000-0x000001b88fba0000-0x000001b88fba0000), size 12189696, SharedBaseAddress: 0x000001b88f000000, ArchiveRelocationMode: 1.
Compressed class space mapped at: 0x000001b890000000-0x000001b8d0000000, reserved size: 1073741824
Narrow klass base: 0x000001b88f000000, Narrow klass shift: 0, Narrow klass range: 0x100000000

GC Precious Log:
 CardTable entry size: 512
 CPUs: 4 total, 4 available
 Memory: 8073M
 Large Page Support: Disabled
 NUMA Support: Disabled
 Compressed Oops: Enabled (32-bit)
 Alignments: Space 512K, Generation 512K, Heap 2M
 Heap Min Capacity: 100M
 Heap Initial Capacity: 100M
 Heap Max Capacity: 2G
 Pre-touch: Disabled
 Parallel Workers: 4

Heap:
 PSYoungGen      total 3072K, used 987K [0x00000000d5580000, 0x00000000d5a00000, 0x0000000100000000)
  eden space 2560K, 33% used [0x00000000d5580000,0x00000000d5656fa8,0x00000000d5800000)
  from space 512K, 25% used [0x00000000d5980000,0x00000000d59a0000,0x00000000d5a00000)
  to   space 512K, 0% used [0x00000000d5900000,0x00000000d5900000,0x00000000d5980000)
 ParOldGen       total 447488K, used 447019K [0x0000000080000000, 0x000000009b500000, 0x00000000d5580000)
  object space 447488K, 99% used [0x0000000080000000,0x000000009b48aff8,0x000000009b500000)
 Metaspace       used 75852K, committed 77440K, reserved 1179648K
  class space    used 9207K, committed 9856K, reserved 1048576K

Card table byte_map: [0x000001b8ef6a0000,0x000001b8efab0000] _byte_map_base: 0x000001b8ef2a0000

Marking Bits: (ParMarkBitMap*) 0x00007ffa4e3ca340
 Begin Bits: [0x000001b8f31a0000, 0x000001b8f51a0000)
 End Bits:   [0x000001b8f51a0000, 0x000001b8f71a0000)

Polling page: 0x000001b8eda50000

Metaspace:

Usage:
  Non-class:     65.08 MB used.
      Class:      8.99 MB used.
       Both:     74.07 MB used.

Virtual space:
  Non-class space:      128.00 MB reserved,      66.00 MB ( 52%) committed,  2 nodes.
      Class space:        1.00 GB reserved,       9.62 MB ( <1%) committed,  1 nodes.
             Both:        1.12 GB reserved,      75.62 MB (  7%) committed. 

Chunk freelists:
   Non-Class:  13.48 MB
       Class:  6.31 MB
        Both:  19.80 MB

MaxMetaspaceSize: unlimited
CompressedClassSpaceSize: 1.00 GB
Initial GC threshold: 21.00 MB
Current GC threshold: 97.31 MB
CDS: on
 - commit_granule_bytes: 65536.
 - commit_granule_words: 8192.
 - virtual_space_node_default_size: 8388608.
 - enlarge_chunks_in_place: 1.
 - use_allocation_guard: 0.


Internal statistics:

num_allocs_failed_limit: 9.
num_arena_births: 1388.
num_arena_deaths: 14.
num_vsnodes_births: 3.
num_vsnodes_deaths: 0.
num_space_committed: 1210.
num_space_uncommitted: 0.
num_chunks_returned_to_freelist: 23.
num_chunks_taken_from_freelist: 4857.
num_chunk_merges: 13.
num_chunk_splits: 3067.
num_chunks_enlarged: 1824.
num_inconsistent_stats: 0.

CodeHeap 'non-profiled nmethods': size=120000Kb used=9353Kb max_used=9353Kb free=110646Kb
 bounds [0x000001b887ad0000, 0x000001b888400000, 0x000001b88f000000]
CodeHeap 'profiled nmethods': size=120000Kb used=21757Kb max_used=21757Kb free=98242Kb
 bounds [0x000001b880000000, 0x000001b881540000, 0x000001b887530000]
CodeHeap 'non-nmethods': size=5760Kb used=1439Kb max_used=1520Kb free=4320Kb
 bounds [0x000001b887530000, 0x000001b8877a0000, 0x000001b887ad0000]
CodeCache: size=245760Kb, used=32549Kb, max_used=32630Kb, free=213208Kb
 total_blobs=10934, nmethods=10174, adapters=666, full_count=0
Compilation: enabled, stopped_count=0, restarted_count=0

Compilation events (20 events):
Event: 23937.012 Thread 0x000001b8efc51b90 10969       1       org.eclipse.core.internal.resources.WorkspaceDescription::getDeltaExpiration (5 bytes)
Event: 23937.012 Thread 0x000001b8efc51b90 nmethod 10969 0x000001b8883f1a90 code [0x000001b8883f1c20, 0x000001b8883f1ce8]
Event: 23937.016 Thread 0x000001b8efc51b90 10970       3       org.eclipse.core.internal.dtree.DeltaDataTree::getChildren (59 bytes)
Event: 23937.019 Thread 0x000001b8efc51b90 nmethod 10970 0x000001b88153a010 code [0x000001b88153a200, 0x000001b88153a748]
Event: 23937.020 Thread 0x000001b8efc51b90 10971       1       org.eclipse.core.internal.resources.Workspace::internalGetDescription (5 bytes)
Event: 23937.022 Thread 0x000001b8efc51b90 nmethod 10971 0x000001b8883f1d90 code [0x000001b8883f1f20, 0x000001b8883f1fe8]
Event: 24021.374 Thread 0x000001b8efc51b90 10972   !   3       com.google.gson.Gson::getAdapter (265 bytes)
Event: 24021.393 Thread 0x000001b8efbde030 10973       4       com.sun.jna.Memory::boundsCheck (90 bytes)
Event: 24021.396 Thread 0x000001b8efbde030 nmethod 10973 0x000001b8883f2090 code [0x000001b8883f2220, 0x000001b8883f2318]
Event: 24021.396 Thread 0x000001b8efbde030 10974       4       org.eclipse.core.internal.jobs.InternalJob::internalGetState (9 bytes)
Event: 24021.398 Thread 0x000001b8efbde030 nmethod 10974 0x000001b8883f2410 code [0x000001b8883f25a0, 0x000001b8883f2630]
Event: 24021.415 Thread 0x000001b8efc51b90 nmethod 10972 0x000001b88153a990 code [0x000001b88153ae20, 0x000001b88153d2c8]
Event: 24021.503 Thread 0x000001b8efc51b90 10975       3       org.eclipse.core.internal.jobs.JobChangeEvent::<init> (37 bytes)
Event: 24021.508 Thread 0x000001b8efc51b90 nmethod 10975 0x000001b88153e010 code [0x000001b88153e1c0, 0x000001b88153e390]
Event: 24021.508 Thread 0x000001b8efc51b90 10976   !   3       java.util.Formatter$FormatSpecifier::index (53 bytes)
Event: 24021.513 Thread 0x000001b8efc51b90 nmethod 10976 0x000001b88153e490 code [0x000001b88153e680, 0x000001b88153e980]
Event: 24021.513 Thread 0x000001b8efc51b90 10977       3       java.util.Formatter$FormatSpecifier::flags (29 bytes)
Event: 24021.514 Thread 0x000001b8efc51b90 nmethod 10977 0x000001b88153eb90 code [0x000001b88153ed40, 0x000001b88153ef78]
Event: 24021.515 Thread 0x000001b8efc51b90 10978   !   3       java.util.Formatter$FormatSpecifier::width (51 bytes)
Event: 24021.517 Thread 0x000001b8efc51b90 nmethod 10978 0x000001b88153f090 code [0x000001b88153f280, 0x000001b88153f578]

GC Heap History (20 events):
Event: 6455.804 GC heap before
{Heap before GC invocations=874 (full 3):
 PSYoungGen      total 3072K, used 2687K [0x00000000d5580000, 0x00000000d5a80000, 0x0000000100000000)
  eden space 2560K, 99% used [0x00000000d5580000,0x00000000d57ffef0,0x00000000d5800000)
  from space 512K, 25% used [0x00000000d5a00000,0x00000000d5a20000,0x00000000d5a80000)
  to   space 512K, 0% used [0x00000000d5980000,0x00000000d5980000,0x00000000d5a00000)
 ParOldGen       total 444416K, used 444158K [0x0000000080000000, 0x000000009b200000, 0x00000000d5580000)
  object space 444416K, 99% used [0x0000000080000000,0x000000009b1bfa38,0x000000009b200000)
 Metaspace       used 74684K, committed 76288K, reserved 1179648K
  class space    used 9150K, committed 9856K, reserved 1048576K
}
Event: 6455.885 GC heap after
{Heap after GC invocations=874 (full 3):
 PSYoungGen      total 3072K, used 128K [0x00000000d5580000, 0x00000000d5a80000, 0x0000000100000000)
  eden space 2560K, 0% used [0x00000000d5580000,0x00000000d5580000,0x00000000d5800000)
  from space 512K, 25% used [0x00000000d5980000,0x00000000d59a0000,0x00000000d5a00000)
  to   space 512K, 0% used [0x00000000d5a00000,0x00000000d5a00000,0x00000000d5a80000)
 ParOldGen       total 444416K, used 444214K [0x0000000080000000, 0x000000009b200000, 0x00000000d5580000)
  object space 444416K, 99% used [0x0000000080000000,0x000000009b1cda38,0x000000009b200000)
 Metaspace       used 74684K, committed 76288K, reserved 1179648K
  class space    used 9150K, committed 9856K, reserved 1048576K
}
Event: 7030.130 GC heap before
{Heap before GC invocations=875 (full 3):
 PSYoungGen      total 3072K, used 2687K [0x00000000d5580000, 0x00000000d5a80000, 0x0000000100000000)
  eden space 2560K, 99% used [0x00000000d5580000,0x00000000d57fff50,0x00000000d5800000)
  from space 512K, 25% used [0x00000000d5980000,0x00000000d59a0000,0x00000000d5a00000)
  to   space 512K, 0% used [0x00000000d5a00000,0x00000000d5a00000,0x00000000d5a80000)
 ParOldGen       total 444416K, used 444214K [0x0000000080000000, 0x000000009b200000, 0x00000000d5580000)
  object space 444416K, 99% used [0x0000000080000000,0x000000009b1cda38,0x000000009b200000)
 Metaspace       used 74760K, committed 76416K, reserved 1179648K
  class space    used 9151K, committed 9856K, reserved 1048576K
}
Event: 7030.138 GC heap after
{Heap after GC invocations=875 (full 3):
 PSYoungGen      total 3072K, used 128K [0x00000000d5580000, 0x00000000d5a80000, 0x0000000100000000)
  eden space 2560K, 0% used [0x00000000d5580000,0x00000000d5580000,0x00000000d5800000)
  from space 512K, 25% used [0x00000000d5a00000,0x00000000d5a20000,0x00000000d5a80000)
  to   space 512K, 0% used [0x00000000d5980000,0x00000000d5980000,0x00000000d5a00000)
 ParOldGen       total 444416K, used 444254K [0x0000000080000000, 0x000000009b200000, 0x00000000d5580000)
  object space 444416K, 99% used [0x0000000080000000,0x000000009b1d7a38,0x000000009b200000)
 Metaspace       used 74760K, committed 76416K, reserved 1179648K
  class space    used 9151K, committed 9856K, reserved 1048576K
}
Event: 9361.297 GC heap before
{Heap before GC invocations=876 (full 3):
 PSYoungGen      total 3072K, used 2688K [0x00000000d5580000, 0x00000000d5a80000, 0x0000000100000000)
  eden space 2560K, 100% used [0x00000000d5580000,0x00000000d5800000,0x00000000d5800000)
  from space 512K, 25% used [0x00000000d5a00000,0x00000000d5a20000,0x00000000d5a80000)
  to   space 512K, 0% used [0x00000000d5980000,0x00000000d5980000,0x00000000d5a00000)
 ParOldGen       total 444416K, used 444254K [0x0000000080000000, 0x000000009b200000, 0x00000000d5580000)
  object space 444416K, 99% used [0x0000000080000000,0x000000009b1d7a38,0x000000009b200000)
 Metaspace       used 74835K, committed 76480K, reserved 1179648K
  class space    used 9151K, committed 9856K, reserved 1048576K
}
Event: 9361.309 GC heap after
{Heap after GC invocations=876 (full 3):
 PSYoungGen      total 3072K, used 128K [0x00000000d5580000, 0x00000000d5a80000, 0x0000000100000000)
  eden space 2560K, 0% used [0x00000000d5580000,0x00000000d5580000,0x00000000d5800000)
  from space 512K, 25% used [0x00000000d5980000,0x00000000d59a0000,0x00000000d5a00000)
  to   space 512K, 0% used [0x00000000d5a00000,0x00000000d5a00000,0x00000000d5a80000)
 ParOldGen       total 444416K, used 444286K [0x0000000080000000, 0x000000009b200000, 0x00000000d5580000)
  object space 444416K, 99% used [0x0000000080000000,0x000000009b1dfa38,0x000000009b200000)
 Metaspace       used 74835K, committed 76480K, reserved 1179648K
  class space    used 9151K, committed 9856K, reserved 1048576K
}
Event: 9662.995 GC heap before
{Heap before GC invocations=877 (full 3):
 PSYoungGen      total 3072K, used 2687K [0x00000000d5580000, 0x00000000d5a80000, 0x0000000100000000)
  eden space 2560K, 99% used [0x00000000d5580000,0x00000000d57fff78,0x00000000d5800000)
  from space 512K, 25% used [0x00000000d5980000,0x00000000d59a0000,0x00000000d5a00000)
  to   space 512K, 0% used [0x00000000d5a00000,0x00000000d5a00000,0x00000000d5a80000)
 ParOldGen       total 444416K, used 444286K [0x0000000080000000, 0x000000009b200000, 0x00000000d5580000)
  object space 444416K, 99% used [0x0000000080000000,0x000000009b1dfa38,0x000000009b200000)
 Metaspace       used 74889K, committed 76480K, reserved 1179648K
  class space    used 9152K, committed 9856K, reserved 1048576K
}
Event: 9663.005 GC heap after
{Heap after GC invocations=877 (full 3):
 PSYoungGen      total 3072K, used 96K [0x00000000d5580000, 0x00000000d5a80000, 0x0000000100000000)
  eden space 2560K, 0% used [0x00000000d5580000,0x00000000d5580000,0x00000000d5800000)
  from space 512K, 18% used [0x00000000d5a00000,0x00000000d5a18000,0x00000000d5a80000)
  to   space 512K, 0% used [0x00000000d5980000,0x00000000d5980000,0x00000000d5a00000)
 ParOldGen       total 444416K, used 444310K [0x0000000080000000, 0x000000009b200000, 0x00000000d5580000)
  object space 444416K, 99% used [0x0000000080000000,0x000000009b1e5a38,0x000000009b200000)
 Metaspace       used 74889K, committed 76480K, reserved 1179648K
  class space    used 9152K, committed 9856K, reserved 1048576K
}
Event: 13088.850 GC heap before
{Heap before GC invocations=878 (full 3):
 PSYoungGen      total 3072K, used 2656K [0x00000000d5580000, 0x00000000d5a80000, 0x0000000100000000)
  eden space 2560K, 100% used [0x00000000d5580000,0x00000000d5800000,0x00000000d5800000)
  from space 512K, 18% used [0x00000000d5a00000,0x00000000d5a18000,0x00000000d5a80000)
  to   space 512K, 0% used [0x00000000d5980000,0x00000000d5980000,0x00000000d5a00000)
 ParOldGen       total 444416K, used 444310K [0x0000000080000000, 0x000000009b200000, 0x00000000d5580000)
  object space 444416K, 99% used [0x0000000080000000,0x000000009b1e5a38,0x000000009b200000)
 Metaspace       used 74959K, committed 76544K, reserved 1179648K
  class space    used 9153K, committed 9856K, reserved 1048576K
}
Event: 13089.347 GC heap after
{Heap after GC invocations=878 (full 3):
 PSYoungGen      total 3072K, used 128K [0x00000000d5580000, 0x00000000d5a80000, 0x0000000100000000)
  eden space 2560K, 0% used [0x00000000d5580000,0x00000000d5580000,0x00000000d5800000)
  from space 512K, 25% used [0x00000000d5980000,0x00000000d59a0000,0x00000000d5a00000)
  to   space 512K, 0% used [0x00000000d5a00000,0x00000000d5a00000,0x00000000d5a80000)
 ParOldGen       total 444416K, used 444334K [0x0000000080000000, 0x000000009b200000, 0x00000000d5580000)
  object space 444416K, 99% used [0x0000000080000000,0x000000009b1eba38,0x000000009b200000)
 Metaspace       used 74959K, committed 76544K, reserved 1179648K
  class space    used 9153K, committed 9856K, reserved 1048576K
}
Event: 16696.652 GC heap before
{Heap before GC invocations=879 (full 3):
 PSYoungGen      total 3072K, used 2688K [0x00000000d5580000, 0x00000000d5a80000, 0x0000000100000000)
  eden space 2560K, 100% used [0x00000000d5580000,0x00000000d5800000,0x00000000d5800000)
  from space 512K, 25% used [0x00000000d5980000,0x00000000d59a0000,0x00000000d5a00000)
  to   space 512K, 0% used [0x00000000d5a00000,0x00000000d5a00000,0x00000000d5a80000)
 ParOldGen       total 444416K, used 444334K [0x0000000080000000, 0x000000009b200000, 0x00000000d5580000)
  object space 444416K, 99% used [0x0000000080000000,0x000000009b1eba38,0x000000009b200000)
 Metaspace       used 74991K, committed 76608K, reserved 1179648K
  class space    used 9153K, committed 9856K, reserved 1048576K
}
Event: 16696.742 GC heap after
{Heap after GC invocations=879 (full 3):
 PSYoungGen      total 3072K, used 96K [0x00000000d5580000, 0x00000000d5a80000, 0x0000000100000000)
  eden space 2560K, 0% used [0x00000000d5580000,0x00000000d5580000,0x00000000d5800000)
  from space 512K, 18% used [0x00000000d5a00000,0x00000000d5a18000,0x00000000d5a80000)
  to   space 512K, 0% used [0x00000000d5980000,0x00000000d5980000,0x00000000d5a00000)
 ParOldGen       total 444416K, used 444366K [0x0000000080000000, 0x000000009b200000, 0x00000000d5580000)
  object space 444416K, 99% used [0x0000000080000000,0x000000009b1f3a38,0x000000009b200000)
 Metaspace       used 74991K, committed 76608K, reserved 1179648K
  class space    used 9153K, committed 9856K, reserved 1048576K
}
Event: 23276.400 GC heap before
{Heap before GC invocations=880 (full 3):
 PSYoungGen      total 3072K, used 2656K [0x00000000d5580000, 0x00000000d5a80000, 0x0000000100000000)
  eden space 2560K, 100% used [0x00000000d5580000,0x00000000d5800000,0x00000000d5800000)
  from space 512K, 18% used [0x00000000d5a00000,0x00000000d5a18000,0x00000000d5a80000)
  to   space 512K, 0% used [0x00000000d5980000,0x00000000d5980000,0x00000000d5a00000)
 ParOldGen       total 444416K, used 444366K [0x0000000080000000, 0x000000009b200000, 0x00000000d5580000)
  object space 444416K, 99% used [0x0000000080000000,0x000000009b1f3a38,0x000000009b200000)
 Metaspace       used 75097K, committed 76736K, reserved 1179648K
  class space    used 9156K, committed 9856K, reserved 1048576K
}
Event: 23276.820 GC heap after
{Heap after GC invocations=880 (full 3):
 PSYoungGen      total 3072K, used 512K [0x00000000d5580000, 0x00000000d5a80000, 0x0000000100000000)
  eden space 2560K, 0% used [0x00000000d5580000,0x00000000d5580000,0x00000000d5800000)
  from space 512K, 100% used [0x00000000d5980000,0x00000000d5a00000,0x00000000d5a00000)
  to   space 512K, 0% used [0x00000000d5a00000,0x00000000d5a00000,0x00000000d5a80000)
 ParOldGen       total 444928K, used 444782K [0x0000000080000000, 0x000000009b280000, 0x00000000d5580000)
  object space 444928K, 99% used [0x0000000080000000,0x000000009b25ba38,0x000000009b280000)
 Metaspace       used 75097K, committed 76736K, reserved 1179648K
  class space    used 9156K, committed 9856K, reserved 1048576K
}
Event: 23277.982 GC heap before
{Heap before GC invocations=881 (full 3):
 PSYoungGen      total 3072K, used 3072K [0x00000000d5580000, 0x00000000d5a80000, 0x0000000100000000)
  eden space 2560K, 100% used [0x00000000d5580000,0x00000000d5800000,0x00000000d5800000)
  from space 512K, 100% used [0x00000000d5980000,0x00000000d5a00000,0x00000000d5a00000)
  to   space 512K, 0% used [0x00000000d5a00000,0x00000000d5a00000,0x00000000d5a80000)
 ParOldGen       total 444928K, used 444782K [0x0000000080000000, 0x000000009b280000, 0x00000000d5580000)
  object space 444928K, 99% used [0x0000000080000000,0x000000009b25ba38,0x000000009b280000)
 Metaspace       used 75225K, committed 76864K, reserved 1179648K
  class space    used 9162K, committed 9856K, reserved 1048576K
}
Event: 23277.996 GC heap after
{Heap after GC invocations=881 (full 3):
 PSYoungGen      total 3072K, used 512K [0x00000000d5580000, 0x00000000d5c00000, 0x0000000100000000)
  eden space 2560K, 0% used [0x00000000d5580000,0x00000000d5580000,0x00000000d5800000)
  from space 512K, 100% used [0x00000000d5a00000,0x00000000d5a80000,0x00000000d5a80000)
  to   space 2048K, 0% used [0x00000000d5800000,0x00000000d5800000,0x00000000d5a00000)
 ParOldGen       total 446464K, used 446054K [0x0000000080000000, 0x000000009b400000, 0x00000000d5580000)
  object space 446464K, 99% used [0x0000000080000000,0x000000009b399a38,0x000000009b400000)
 Metaspace       used 75225K, committed 76864K, reserved 1179648K
  class space    used 9162K, committed 9856K, reserved 1048576K
}
Event: 23281.547 GC heap before
{Heap before GC invocations=882 (full 3):
 PSYoungGen      total 3072K, used 3064K [0x00000000d5580000, 0x00000000d5c00000, 0x0000000100000000)
  eden space 2560K, 99% used [0x00000000d5580000,0x00000000d57fe198,0x00000000d5800000)
  from space 512K, 100% used [0x00000000d5a00000,0x00000000d5a80000,0x00000000d5a80000)
  to   space 2048K, 0% used [0x00000000d5800000,0x00000000d5800000,0x00000000d5a00000)
 ParOldGen       total 446464K, used 446054K [0x0000000080000000, 0x000000009b400000, 0x00000000d5580000)
  object space 446464K, 99% used [0x0000000080000000,0x000000009b399a38,0x000000009b400000)
 Metaspace       used 75550K, committed 77120K, reserved 1179648K
  class space    used 9183K, committed 9856K, reserved 1048576K
}
Event: 23281.555 GC heap after
{Heap after GC invocations=882 (full 3):
 PSYoungGen      total 3584K, used 653K [0x00000000d5580000, 0x00000000d5b00000, 0x0000000100000000)
  eden space 2560K, 0% used [0x00000000d5580000,0x00000000d5580000,0x00000000d5800000)
  from space 1024K, 63% used [0x00000000d5800000,0x00000000d58a3458,0x00000000d5900000)
  to   space 1536K, 0% used [0x00000000d5980000,0x00000000d5980000,0x00000000d5b00000)
 ParOldGen       total 446976K, used 446550K [0x0000000080000000, 0x000000009b480000, 0x00000000d5580000)
  object space 446976K, 99% used [0x0000000080000000,0x000000009b415a38,0x000000009b480000)
 Metaspace       used 75550K, committed 77120K, reserved 1179648K
  class space    used 9183K, committed 9856K, reserved 1048576K
}
Event: 23442.207 GC heap before
{Heap before GC invocations=883 (full 3):
 PSYoungGen      total 3584K, used 3205K [0x00000000d5580000, 0x00000000d5b00000, 0x0000000100000000)
  eden space 2560K, 99% used [0x00000000d5580000,0x00000000d57fe158,0x00000000d5800000)
  from space 1024K, 63% used [0x00000000d5800000,0x00000000d58a3458,0x00000000d5900000)
  to   space 1536K, 0% used [0x00000000d5980000,0x00000000d5980000,0x00000000d5b00000)
 ParOldGen       total 446976K, used 446550K [0x0000000080000000, 0x000000009b480000, 0x00000000d5580000)
  object space 446976K, 99% used [0x0000000080000000,0x000000009b415a38,0x000000009b480000)
 Metaspace       used 75847K, committed 77440K, reserved 1179648K
  class space    used 9207K, committed 9856K, reserved 1048576K
}
Event: 23442.267 GC heap after
{Heap after GC invocations=883 (full 3):
 PSYoungGen      total 3072K, used 128K [0x00000000d5580000, 0x00000000d5a00000, 0x0000000100000000)
  eden space 2560K, 0% used [0x00000000d5580000,0x00000000d5580000,0x00000000d5800000)
  from space 512K, 25% used [0x00000000d5980000,0x00000000d59a0000,0x00000000d5a00000)
  to   space 512K, 0% used [0x00000000d5900000,0x00000000d5900000,0x00000000d5980000)
 ParOldGen       total 447488K, used 447019K [0x0000000080000000, 0x000000009b500000, 0x00000000d5580000)
  object space 447488K, 99% used [0x0000000080000000,0x000000009b48aff8,0x000000009b500000)
 Metaspace       used 75847K, committed 77440K, reserved 1179648K
  class space    used 9207K, committed 9856K, reserved 1048576K
}

Dll operation events (15 events):
Event: 0.012 Loaded shared library c:\Users\Admin\.cursor\extensions\redhat.java-1.44.0-win32-x64\jre\21.0.8-win32-x86_64\bin\java.dll
Event: 0.585 Loaded shared library c:\Users\Admin\.cursor\extensions\redhat.java-1.44.0-win32-x64\jre\21.0.8-win32-x86_64\bin\zip.dll
Event: 0.712 Loaded shared library C:\Users\Admin\.cursor\extensions\redhat.java-1.44.0-win32-x64\jre\21.0.8-win32-x86_64\bin\instrument.dll
Event: 0.759 Loaded shared library C:\Users\Admin\.cursor\extensions\redhat.java-1.44.0-win32-x64\jre\21.0.8-win32-x86_64\bin\net.dll
Event: 0.768 Loaded shared library C:\Users\Admin\.cursor\extensions\redhat.java-1.44.0-win32-x64\jre\21.0.8-win32-x86_64\bin\nio.dll
Event: 0.774 Loaded shared library C:\Users\Admin\.cursor\extensions\redhat.java-1.44.0-win32-x64\jre\21.0.8-win32-x86_64\bin\zip.dll
Event: 0.871 Loaded shared library C:\Users\Admin\.cursor\extensions\redhat.java-1.44.0-win32-x64\jre\21.0.8-win32-x86_64\bin\jimage.dll
Event: 1.155 Loaded shared library c:\Users\Admin\.cursor\extensions\redhat.java-1.44.0-win32-x64\jre\21.0.8-win32-x86_64\bin\verify.dll
Event: 6.087 Loaded shared library C:\Users\Admin\AppData\Roaming\Cursor\User\globalStorage\redhat.java\1.44.0\config_win\org.eclipse.equinox.launcher\org.eclipse.equinox.launcher.win32.win32.x86_64_1.2.1400.v20250730-1736\eclipse_11913.dll
Event: 13.074 Loaded shared library C:\Users\Admin\AppData\Local\Temp\jna-63116079\jna16090321451063668848.dll
Event: 27.020 Loaded shared library C:\Users\Admin\.gradle\native\1def1411415f61bf3af743bc5b6707747c0891f09f0c88961ee8f79bc544acac\windows-amd64\native-platform.dll
Event: 31.084 Loaded shared library C:\Users\Admin\.cursor\extensions\redhat.java-1.44.0-win32-x64\jre\21.0.8-win32-x86_64\bin\management.dll
Event: 31.096 Loaded shared library C:\Users\Admin\.cursor\extensions\redhat.java-1.44.0-win32-x64\jre\21.0.8-win32-x86_64\bin\management_ext.dll
Event: 40.299 Loaded shared library C:\Users\Admin\.cursor\extensions\redhat.java-1.44.0-win32-x64\jre\21.0.8-win32-x86_64\bin\extnet.dll
Event: 46.988 Loaded shared library C:\Users\Admin\.cursor\extensions\redhat.java-1.44.0-win32-x64\jre\21.0.8-win32-x86_64\bin\sunmscapi.dll

Deoptimization events (20 events):
Event: 23275.837 Thread 0x000001b8fe9f52c0 Uncommon trap: trap_request=0xffffffc6 fr.pc=0x000001b88802d2dc relative=0x000000000000059c
Event: 23275.837 Thread 0x000001b8fe9f52c0 Uncommon trap: reason=bimorphic_or_optimized_type_check action=maybe_recompile pc=0x000001b88802d2dc method=java.util.HashMap.putVal(ILjava/lang/Object;Ljava/lang/Object;ZZ)Ljava/lang/Object; @ 253 c2
Event: 23275.837 Thread 0x000001b8fe9f52c0 DEOPT PACKING pc=0x000001b88802d2dc sp=0x0000008d346fec10
Event: 23275.839 Thread 0x000001b8fe9f52c0 DEOPT UNPACKING pc=0x000001b887583aa2 sp=0x0000008d346feb00 mode 2
Event: 23276.048 Thread 0x000001b8fe9f52c0 Uncommon trap: trap_request=0xffffffc6 fr.pc=0x000001b88802d2dc relative=0x000000000000059c
Event: 23276.048 Thread 0x000001b8fe9f52c0 Uncommon trap: reason=bimorphic_or_optimized_type_check action=maybe_recompile pc=0x000001b88802d2dc method=java.util.HashMap.putVal(ILjava/lang/Object;Ljava/lang/Object;ZZ)Ljava/lang/Object; @ 253 c2
Event: 23276.048 Thread 0x000001b8fe9f52c0 DEOPT PACKING pc=0x000001b88802d2dc sp=0x0000008d346fec10
Event: 23276.048 Thread 0x000001b8fe9f52c0 DEOPT UNPACKING pc=0x000001b887583aa2 sp=0x0000008d346feb00 mode 2
Event: 23276.049 Thread 0x000001b8fe9f52c0 Uncommon trap: trap_request=0xffffffc6 fr.pc=0x000001b88802c378 relative=0x0000000000000538
Event: 23276.049 Thread 0x000001b8fe9f52c0 Uncommon trap: reason=bimorphic_or_optimized_type_check action=maybe_recompile pc=0x000001b88802c378 method=java.util.HashMap.putVal(ILjava/lang/Object;Ljava/lang/Object;ZZ)Ljava/lang/Object; @ 253 c2
Event: 23276.049 Thread 0x000001b8fe9f52c0 DEOPT PACKING pc=0x000001b88802c378 sp=0x0000008d346feb60
Event: 23276.049 Thread 0x000001b8fe9f52c0 DEOPT UNPACKING pc=0x000001b887583aa2 sp=0x0000008d346feaf0 mode 2
Event: 23281.946 Thread 0x000001b8fe9f52c0 Uncommon trap: trap_request=0xffffff45 fr.pc=0x000001b8880791b8 relative=0x0000000000001698
Event: 23281.946 Thread 0x000001b8fe9f52c0 Uncommon trap: reason=unstable_if action=reinterpret pc=0x000001b8880791b8 method=org.eclipse.osgi.internal.loader.BundleLoader.findResource(Ljava/lang/String;)Ljava/net/URL; @ 249 c2
Event: 23281.946 Thread 0x000001b8fe9f52c0 DEOPT PACKING pc=0x000001b8880791b8 sp=0x0000008d346fc3e0
Event: 23281.946 Thread 0x000001b8fe9f52c0 DEOPT UNPACKING pc=0x000001b887583aa2 sp=0x0000008d346fc3b8 mode 2
Event: 23282.565 Thread 0x000001b8fe9f52c0 Uncommon trap: trap_request=0xffffff45 fr.pc=0x000001b887d00fd0 relative=0x0000000000000190
Event: 23282.565 Thread 0x000001b8fe9f52c0 Uncommon trap: reason=unstable_if action=reinterpret pc=0x000001b887d00fd0 method=java.util.regex.Pattern$GroupTail.match(Ljava/util/regex/Matcher;ILjava/lang/CharSequence;)Z @ 73 c2
Event: 23282.565 Thread 0x000001b8fe9f52c0 DEOPT PACKING pc=0x000001b887d00fd0 sp=0x0000008d346fee90
Event: 23282.565 Thread 0x000001b8fe9f52c0 DEOPT UNPACKING pc=0x000001b887583aa2 sp=0x0000008d346fee18 mode 2

Classes loaded (20 events):
Event: 126.197 Loading class java/util/concurrent/CompletableFuture$UniAccept
Event: 126.197 Loading class java/util/concurrent/CompletableFuture$UniAccept done
Event: 126.197 Loading class java/util/concurrent/CompletableFuture$UniExceptionally
Event: 126.198 Loading class java/util/concurrent/CompletableFuture$UniExceptionally done
Event: 315.022 Loading class java/util/stream/Nodes$CollectorTask$OfRef
Event: 315.022 Loading class java/util/stream/Nodes$CollectorTask
Event: 315.022 Loading class java/util/stream/Nodes$CollectorTask done
Event: 315.022 Loading class java/util/stream/Nodes$CollectorTask$OfRef done
Event: 315.022 Loading class java/util/function/LongFunction
Event: 315.023 Loading class java/util/function/LongFunction done
Event: 315.023 Loading class java/util/stream/Nodes$ConcNode
Event: 315.023 Loading class java/util/stream/Nodes$AbstractConcNode
Event: 315.023 Loading class java/util/stream/Nodes$AbstractConcNode done
Event: 315.023 Loading class java/util/stream/Nodes$ConcNode done
Event: 2125.227 Loading class java/util/stream/DistinctOps
Event: 2125.228 Loading class java/util/stream/DistinctOps done
Event: 2125.229 Loading class java/util/stream/DistinctOps$1
Event: 2125.230 Loading class java/util/stream/DistinctOps$1 done
Event: 2125.234 Loading class java/util/stream/DistinctOps$1$2
Event: 2125.235 Loading class java/util/stream/DistinctOps$1$2 done

Classes unloaded (7 events):
Event: 14.667 Thread 0x000001b8efbb6480 Unloading class 0x000001b8901a7000 'java/lang/invoke/LambdaForm$MH+0x000001b8901a7000'
Event: 14.667 Thread 0x000001b8efbb6480 Unloading class 0x000001b8901a6c00 'java/lang/invoke/LambdaForm$MH+0x000001b8901a6c00'
Event: 14.667 Thread 0x000001b8efbb6480 Unloading class 0x000001b8901a6800 'java/lang/invoke/LambdaForm$MH+0x000001b8901a6800'
Event: 14.667 Thread 0x000001b8efbb6480 Unloading class 0x000001b8901a6400 'java/lang/invoke/LambdaForm$MH+0x000001b8901a6400'
Event: 14.667 Thread 0x000001b8efbb6480 Unloading class 0x000001b8901a6000 'java/lang/invoke/LambdaForm$BMH+0x000001b8901a6000'
Event: 14.667 Thread 0x000001b8efbb6480 Unloading class 0x000001b8901a5c00 'java/lang/invoke/LambdaForm$DMH+0x000001b8901a5c00'
Event: 14.667 Thread 0x000001b8efbb6480 Unloading class 0x000001b8901a4800 'java/lang/invoke/LambdaForm$DMH+0x000001b8901a4800'

Classes redefined (0 events):
No events

Internal exceptions (20 events):
Event: 125.703 Thread 0x000001b8fd1c2d00 Exception <a 'sun/nio/fs/WindowsException'{0x00000000d55b8738}> (0x00000000d55b8738) 
thrown [s\src\hotspot\share\prims\jni.cpp, line 520]
Event: 125.704 Thread 0x000001b8fd1c2d00 Exception <a 'sun/nio/fs/WindowsException'{0x00000000d55bbde8}> (0x00000000d55bbde8) 
thrown [s\src\hotspot\share\prims\jni.cpp, line 520]
Event: 125.705 Thread 0x000001b8fd1c2d00 Exception <a 'sun/nio/fs/WindowsException'{0x00000000d55c0118}> (0x00000000d55c0118) 
thrown [s\src\hotspot\share\prims\jni.cpp, line 520]
Event: 125.706 Thread 0x000001b8fd1c2d00 Exception <a 'sun/nio/fs/WindowsException'{0x00000000d55c4298}> (0x00000000d55c4298) 
thrown [s\src\hotspot\share\prims\jni.cpp, line 520]
Event: 125.766 Thread 0x000001b8fe9f5950 Implicit null exception at 0x000001b887f47700 to 0x000001b887f47b54
Event: 125.766 Thread 0x000001b8fe9f5950 Exception <a 'sun/nio/fs/WindowsException'{0x00000000d5707a28}> (0x00000000d5707a28) 
thrown [s\src\hotspot\share\prims\jni.cpp, line 520]
Event: 125.766 Thread 0x000001b8fe9f5950 Exception <a 'sun/nio/fs/WindowsException'{0x00000000d57080a0}> (0x00000000d57080a0) 
thrown [s\src\hotspot\share\prims\jni.cpp, line 520]
Event: 125.767 Thread 0x000001b8fe9f5950 Exception <a 'sun/nio/fs/WindowsException'{0x00000000d570cd28}> (0x00000000d570cd28) 
thrown [s\src\hotspot\share\prims\jni.cpp, line 520]
Event: 125.767 Thread 0x000001b8fe9f5950 Exception <a 'sun/nio/fs/WindowsException'{0x00000000d570d438}> (0x00000000d570d438) 
thrown [s\src\hotspot\share\prims\jni.cpp, line 520]
Event: 125.851 Thread 0x000001b8fe9f5950 Exception <a 'sun/nio/fs/WindowsException'{0x00000000d58fbb20}> (0x00000000d58fbb20) 
thrown [s\src\hotspot\share\prims\jni.cpp, line 520]
Event: 125.851 Thread 0x000001b8fe9f5950 Exception <a 'sun/nio/fs/WindowsException'{0x00000000d58fc880}> (0x00000000d58fc880) 
thrown [s\src\hotspot\share\prims\jni.cpp, line 520]
Event: 125.852 Thread 0x000001b8fe9f5950 Exception <a 'sun/nio/fs/WindowsException'{0x00000000d5908a00}> (0x00000000d5908a00) 
thrown [s\src\hotspot\share\prims\jni.cpp, line 520]
Event: 125.852 Thread 0x000001b8fe9f5950 Exception <a 'sun/nio/fs/WindowsException'{0x00000000d5909648}> (0x00000000d5909648) 
thrown [s\src\hotspot\share\prims\jni.cpp, line 520]
Event: 126.012 Thread 0x000001b8fe9f2b60 Exception <a 'java/lang/NoSuchMethodError'{0x00000000d56996b0}: 'java.lang.Object java.lang.invoke.DirectMethodHandle$Holder.invokeStatic(java.lang.Object, java.lang.Object, int, java.lang.Object)'> (0x00000000d56996b0) 
thrown [s\src\hotspot\share\interpreter\linkResolver.cpp, line 773]
Event: 126.187 Thread 0x000001b8fe9f2b60 Exception <a 'java/io/FileNotFoundException'{0x00000000d56c56d8}> (0x00000000d56c56d8) 
thrown [s\src\hotspot\share\prims\jni.cpp, line 520]
Event: 126.187 Thread 0x000001b8fe9f2b60 Exception <a 'java/io/FileNotFoundException'{0x00000000d56c6440}> (0x00000000d56c6440) 
thrown [s\src\hotspot\share\prims\jni.cpp, line 520]
Event: 126.193 Thread 0x000001b8fe9f5950 Exception <a 'java/lang/IncompatibleClassChangeError'{0x00000000d56e5ba0}: Found class java.lang.Object, but interface was expected> (0x00000000d56e5ba0) 
thrown [s\src\hotspot\share\interpreter\linkResolver.cpp, line 840]
Event: 315.042 Thread 0x000001b8fe9f2b60 Exception <a 'java/lang/NoSuchMethodError'{0x00000000d55d7718}: 'java.lang.Object java.lang.invoke.DirectMethodHandle$Holder.newInvokeSpecial(java.lang.Object, java.lang.Object, java.lang.Object, java.lang.Object, java.lang.Object, java.lang.Object, java.lang.Object, java.lang.Object)'> (0x00000000d55d7718) 
thrown [s\src\hotspot\share\interpreter\linkResolver.cpp, line 773]
Event: 2125.237 Thread 0x000001b8fe9f52c0 Implicit null exception at 0x000001b88808ce0d to 0x000001b88808d170
Event: 23280.593 Thread 0x000001b8fe9f52c0 Exception <a 'java/lang/NoSuchMethodError'{0x00000000d56e2c60}: 'int java.lang.invoke.Invokers$Holder.invokeExact_MT(java.lang.Object, java.lang.Object)'> (0x00000000d56e2c60) 
thrown [s\src\hotspot\share\interpreter\linkResolver.cpp, line 773]

ZGC Phase Switch (0 events):
No events

VM Operations (20 events):
Event: 23454.196 Executing VM operation: HandshakeAllThreads (HandshakeForDeflation)
Event: 23454.196 Executing VM operation: HandshakeAllThreads (HandshakeForDeflation) done
Event: 23454.196 Executing VM operation: RendezvousGCThreads
Event: 23454.196 Executing VM operation: RendezvousGCThreads done
Event: 23754.940 Executing VM operation: HandshakeAllThreads (HandshakeForDeflation)
Event: 23754.943 Executing VM operation: HandshakeAllThreads (HandshakeForDeflation) done
Event: 23754.943 Executing VM operation: RendezvousGCThreads
Event: 23754.943 Executing VM operation: RendezvousGCThreads done
Event: 23935.404 Executing VM operation: HandshakeAllThreads (HandshakeForDeflation)
Event: 23935.404 Executing VM operation: HandshakeAllThreads (HandshakeForDeflation) done
Event: 23935.404 Executing VM operation: RendezvousGCThreads
Event: 23935.404 Executing VM operation: RendezvousGCThreads done
Event: 23937.404 Executing VM operation: Cleanup
Event: 23937.404 Executing VM operation: Cleanup done
Event: 24021.438 Executing VM operation: Cleanup
Event: 24021.438 Executing VM operation: Cleanup done
Event: 24055.570 Executing VM operation: HandshakeAllThreads (HandshakeForDeflation)
Event: 24055.570 Executing VM operation: HandshakeAllThreads (HandshakeForDeflation) done
Event: 24055.570 Executing VM operation: RendezvousGCThreads
Event: 24055.570 Executing VM operation: RendezvousGCThreads done

Memory protections (0 events):
No events

Nmethod flushes (20 events):
Event: 30.065 Thread 0x000001b8efbb6480 flushing  nmethod 0x000001b880970d10
Event: 30.065 Thread 0x000001b8efbb6480 flushing  nmethod 0x000001b880971190
Event: 30.065 Thread 0x000001b8efbb6480 flushing  nmethod 0x000001b880977690
Event: 30.065 Thread 0x000001b8efbb6480 flushing  nmethod 0x000001b880978210
Event: 30.065 Thread 0x000001b8efbb6480 flushing  nmethod 0x000001b88097ba90
Event: 30.065 Thread 0x000001b8efbb6480 flushing  nmethod 0x000001b88097c290
Event: 30.065 Thread 0x000001b8efbb6480 flushing  nmethod 0x000001b88099ce10
Event: 30.065 Thread 0x000001b8efbb6480 flushing  nmethod 0x000001b8809a1310
Event: 30.065 Thread 0x000001b8efbb6480 flushing  nmethod 0x000001b8809a7910
Event: 30.065 Thread 0x000001b8efbb6480 flushing  nmethod 0x000001b8809e6190
Event: 30.065 Thread 0x000001b8efbb6480 flushing  nmethod 0x000001b8809e6c90
Event: 30.065 Thread 0x000001b8efbb6480 flushing  nmethod 0x000001b8809e7710
Event: 30.065 Thread 0x000001b8efbb6480 flushing  nmethod 0x000001b8809e8a90
Event: 30.065 Thread 0x000001b8efbb6480 flushing  nmethod 0x000001b8809e9190
Event: 30.065 Thread 0x000001b8efbb6480 flushing  nmethod 0x000001b8809eda90
Event: 30.065 Thread 0x000001b8efbb6480 flushing  nmethod 0x000001b8809efe10
Event: 30.065 Thread 0x000001b8efbb6480 flushing  nmethod 0x000001b880a1fa10
Event: 30.065 Thread 0x000001b8efbb6480 flushing  nmethod 0x000001b880a3a810
Event: 30.065 Thread 0x000001b8efbb6480 flushing  nmethod 0x000001b880a49710
Event: 30.065 Thread 0x000001b8efbb6480 flushing  nmethod 0x000001b880a4ca90

Events (20 events):
Event: 11606.681 Thread 0x000001b8fe9f7a20 Thread added: 0x000001b8fe9f9460
Event: 11606.684 Thread 0x000001b8fe9f9460 Thread exited: 0x000001b8fe9f9460
Event: 11606.798 Thread 0x000001b8fe9f7a20 Thread added: 0x000001b8fe9f9460
Event: 11666.800 Thread 0x000001b8fe9f2b60 Thread exited: 0x000001b8fe9f2b60
Event: 13129.469 Thread 0x000001b8fe9f9460 Thread added: 0x000001b8fe9f2b60
Event: 13189.475 Thread 0x000001b8fe9f7a20 Thread exited: 0x000001b8fe9f7a20
Event: 13331.956 Thread 0x000001b8fe9f2b60 Thread added: 0x000001b8fe9f80b0
Event: 13331.958 Thread 0x000001b8fe9f80b0 Thread exited: 0x000001b8fe9f80b0
Event: 13730.911 Thread 0x000001b8fe9f9460 Thread added: 0x000001b8fe9f7a20
Event: 13731.130 Thread 0x000001b8fe9f7a20 Thread exited: 0x000001b8fe9f7a20
Event: 16696.589 Thread 0x000001b8fe9f9460 Thread added: 0x000001b8fe9f7a20
Event: 16696.600 Thread 0x000001b8fe9f9460 Thread added: 0x000001b8fe9f31f0
Event: 16696.651 Thread 0x000001b8fe9f31f0 Thread exited: 0x000001b8fe9f31f0
Event: 16696.780 Thread 0x000001b8fe9f2b60 Thread exited: 0x000001b8fe9f2b60
Event: 22538.707 Thread 0x000001b8fe9f9460 Thread added: 0x000001b8fe9f80b0
Event: 22538.937 Thread 0x000001b8fe9f80b0 Thread exited: 0x000001b8fe9f80b0
Event: 23276.887 Thread 0x000001b8efbde030 Thread added: 0x000001b8fdee3020
Event: 23278.275 Thread 0x000001b8fdee3020 Thread exited: 0x000001b8fdee3020
Event: 23442.140 Thread 0x000001b8fe9f9460 Thread added: 0x000001b8fe9f2b60
Event: 23442.166 Thread 0x000001b8fe9f2b60 Thread exited: 0x000001b8fe9f2b60


Dynamic libraries:
0x00007ff770760000 - 0x00007ff77076e000 	c:\Users\Admin\.cursor\extensions\redhat.java-1.44.0-win32-x64\jre\21.0.8-win32-x86_64\bin\java.exe
0x00007ffa99bd0000 - 0x00007ffa99dc8000 	C:\Windows\SYSTEM32\ntdll.dll
0x00007ffa99a20000 - 0x00007ffa99adf000 	C:\Windows\System32\KERNEL32.DLL
0x00007ffa97770000 - 0x00007ffa97a66000 	C:\Windows\System32\KERNELBASE.dll
0x00007ffa97b30000 - 0x00007ffa97c30000 	C:\Windows\System32\ucrtbase.dll
0x00007ffa709a0000 - 0x00007ffa709b8000 	c:\Users\Admin\.cursor\extensions\redhat.java-1.44.0-win32-x64\jre\21.0.8-win32-x86_64\bin\jli.dll
0x00007ffa99550000 - 0x00007ffa996ed000 	C:\Windows\System32\USER32.dll
0x00007ffa97540000 - 0x00007ffa97562000 	C:\Windows\System32\win32u.dll
0x00007ffa97c30000 - 0x00007ffa97c5c000 	C:\Windows\System32\GDI32.dll
0x00007ffa97650000 - 0x00007ffa97765000 	C:\Windows\System32\gdi32full.dll
0x00007ffa972b0000 - 0x00007ffa9734d000 	C:\Windows\System32\msvcp_win.dll
0x00007ffa70980000 - 0x00007ffa7099e000 	c:\Users\Admin\.cursor\extensions\redhat.java-1.44.0-win32-x64\jre\21.0.8-win32-x86_64\bin\VCRUNTIME140.dll
0x00007ffa86770000 - 0x00007ffa86a0a000 	C:\Windows\WinSxS\amd64_microsoft.windows.common-controls_6595b64144ccf1df_6.0.19041.1110_none_60b5254171f9507e\COMCTL32.dll
0x00007ffa983b0000 - 0x00007ffa9844e000 	C:\Windows\System32\msvcrt.dll
0x00007ffa99ae0000 - 0x00007ffa99b10000 	C:\Windows\System32\IMM32.DLL
0x00007ffa70970000 - 0x00007ffa7097c000 	c:\Users\Admin\.cursor\extensions\redhat.java-1.44.0-win32-x64\jre\21.0.8-win32-x86_64\bin\vcruntime140_1.dll
0x00007ffa708e0000 - 0x00007ffa7096d000 	c:\Users\Admin\.cursor\extensions\redhat.java-1.44.0-win32-x64\jre\21.0.8-win32-x86_64\bin\msvcp140.dll
0x00007ffa4d710000 - 0x00007ffa4e4a7000 	c:\Users\Admin\.cursor\extensions\redhat.java-1.44.0-win32-x64\jre\21.0.8-win32-x86_64\bin\server\jvm.dll
0x00007ffa98490000 - 0x00007ffa9853f000 	C:\Windows\System32\ADVAPI32.dll
0x00007ffa98920000 - 0x00007ffa989bc000 	C:\Windows\System32\sechost.dll
0x00007ffa986d0000 - 0x00007ffa987f6000 	C:\Windows\System32\RPCRT4.dll
0x00007ffa99480000 - 0x00007ffa994eb000 	C:\Windows\System32\WS2_32.dll
0x00007ffa97110000 - 0x00007ffa9715b000 	C:\Windows\SYSTEM32\POWRPROF.dll
0x00007ffa83b60000 - 0x00007ffa83b87000 	C:\Windows\SYSTEM32\WINMM.dll
0x00007ffa91350000 - 0x00007ffa9135a000 	C:\Windows\SYSTEM32\VERSION.dll
0x00007ffa970f0000 - 0x00007ffa97102000 	C:\Windows\SYSTEM32\UMPDC.dll
0x00007ffa95ce0000 - 0x00007ffa95cf2000 	C:\Windows\SYSTEM32\kernel.appcore.dll
0x00007ffa708d0000 - 0x00007ffa708da000 	c:\Users\Admin\.cursor\extensions\redhat.java-1.44.0-win32-x64\jre\21.0.8-win32-x86_64\bin\jimage.dll
0x00007ffa95200000 - 0x00007ffa953e4000 	C:\Windows\SYSTEM32\DBGHELP.DLL
0x00007ffa78220000 - 0x00007ffa78254000 	C:\Windows\SYSTEM32\dbgcore.DLL
0x00007ffa974b0000 - 0x00007ffa97532000 	C:\Windows\System32\bcryptPrimitives.dll
0x00007ffa708c0000 - 0x00007ffa708cf000 	c:\Users\Admin\.cursor\extensions\redhat.java-1.44.0-win32-x64\jre\21.0.8-win32-x86_64\bin\instrument.dll
0x00007ffa708a0000 - 0x00007ffa708bf000 	c:\Users\Admin\.cursor\extensions\redhat.java-1.44.0-win32-x64\jre\21.0.8-win32-x86_64\bin\java.dll
0x00007ffa97c60000 - 0x00007ffa983a4000 	C:\Windows\System32\SHELL32.dll
0x00007ffa953f0000 - 0x00007ffa95b83000 	C:\Windows\SYSTEM32\windows.storage.dll
0x00007ffa98a20000 - 0x00007ffa98d74000 	C:\Windows\System32\combase.dll
0x00007ffa96c20000 - 0x00007ffa96c4e000 	C:\Windows\SYSTEM32\Wldp.dll
0x00007ffa992d0000 - 0x00007ffa9937d000 	C:\Windows\System32\SHCORE.dll
0x00007ffa99380000 - 0x00007ffa993d5000 	C:\Windows\System32\shlwapi.dll
0x00007ffa971e0000 - 0x00007ffa97205000 	C:\Windows\SYSTEM32\profapi.dll
0x00007ffa70870000 - 0x00007ffa70888000 	c:\Users\Admin\.cursor\extensions\redhat.java-1.44.0-win32-x64\jre\21.0.8-win32-x86_64\bin\zip.dll
0x00007ffa70860000 - 0x00007ffa70870000 	C:\Users\Admin\.cursor\extensions\redhat.java-1.44.0-win32-x64\jre\21.0.8-win32-x86_64\bin\net.dll
0x00007ffa8d240000 - 0x00007ffa8d34a000 	C:\Windows\SYSTEM32\WINHTTP.dll
0x00007ffa96980000 - 0x00007ffa969ea000 	C:\Windows\system32\mswsock.dll
0x00007ffa70840000 - 0x00007ffa70856000 	C:\Users\Admin\.cursor\extensions\redhat.java-1.44.0-win32-x64\jre\21.0.8-win32-x86_64\bin\nio.dll
0x00007ffa59c20000 - 0x00007ffa59c30000 	c:\Users\Admin\.cursor\extensions\redhat.java-1.44.0-win32-x64\jre\21.0.8-win32-x86_64\bin\verify.dll
0x00007ffa553d0000 - 0x00007ffa55415000 	C:\Users\Admin\AppData\Roaming\Cursor\User\globalStorage\redhat.java\1.44.0\config_win\org.eclipse.equinox.launcher\org.eclipse.equinox.launcher.win32.win32.x86_64_1.2.1400.v20250730-1736\eclipse_11913.dll
0x00007ffa985a0000 - 0x00007ffa986ca000 	C:\Windows\System32\ole32.dll
0x00007ffa96b80000 - 0x00007ffa96b98000 	C:\Windows\SYSTEM32\CRYPTSP.dll
0x00007ffa964a0000 - 0x00007ffa964d4000 	C:\Windows\system32\rsaenh.dll
0x00007ffa97570000 - 0x00007ffa97597000 	C:\Windows\System32\bcrypt.dll
0x00007ffa971a0000 - 0x00007ffa971ce000 	C:\Windows\SYSTEM32\USERENV.dll
0x00007ffa96b70000 - 0x00007ffa96b7c000 	C:\Windows\SYSTEM32\CRYPTBASE.dll
0x00007ffa96670000 - 0x00007ffa966ab000 	C:\Windows\SYSTEM32\IPHLPAPI.DLL
0x00007ffa98460000 - 0x00007ffa98468000 	C:\Windows\System32\NSI.dll
0x00007ffa55260000 - 0x00007ffa552a9000 	C:\Users\Admin\AppData\Local\Temp\jna-63116079\jna16090321451063668848.dll
0x00007ffa99470000 - 0x00007ffa99478000 	C:\Windows\System32\PSAPI.DLL
0x00007ffa903c0000 - 0x00007ffa903d7000 	C:\Windows\SYSTEM32\dhcpcsvc6.DLL
0x00007ffa905c0000 - 0x00007ffa905dd000 	C:\Windows\SYSTEM32\dhcpcsvc.DLL
0x00007ffa55230000 - 0x00007ffa55257000 	C:\Users\Admin\.gradle\native\1def1411415f61bf3af743bc5b6707747c0891f09f0c88961ee8f79bc544acac\windows-amd64\native-platform.dll
0x00007ffa91de0000 - 0x00007ffa91dea000 	C:\Users\Admin\.cursor\extensions\redhat.java-1.44.0-win32-x64\jre\21.0.8-win32-x86_64\bin\management.dll
0x00007ffa75ee0000 - 0x00007ffa75eeb000 	C:\Users\Admin\.cursor\extensions\redhat.java-1.44.0-win32-x64\jre\21.0.8-win32-x86_64\bin\management_ext.dll
0x00007ffa75ed0000 - 0x00007ffa75ed9000 	C:\Users\Admin\.cursor\extensions\redhat.java-1.44.0-win32-x64\jre\21.0.8-win32-x86_64\bin\extnet.dll
0x00007ffa59c10000 - 0x00007ffa59c1e000 	C:\Users\Admin\.cursor\extensions\redhat.java-1.44.0-win32-x64\jre\21.0.8-win32-x86_64\bin\sunmscapi.dll
0x00007ffa97350000 - 0x00007ffa974ae000 	C:\Windows\System32\CRYPT32.dll
0x00007ffa96c90000 - 0x00007ffa96cb8000 	C:\Windows\SYSTEM32\ncrypt.dll
0x00007ffa96c50000 - 0x00007ffa96c8b000 	C:\Windows\SYSTEM32\NTASN1.dll
0x00007ffa7e5c0000 - 0x00007ffa7e5c7000 	C:\Windows\system32\wshunix.dll

JVMTI agents:
c:\Users\Admin\.cursor\extensions\redhat.java-1.44.0-win32-x64\lombok\lombok-1.18.39-4050.jar path:c:\Users\Admin\.cursor\extensions\redhat.java-1.44.0-win32-x64\jre\21.0.8-win32-x86_64\bin\instrument.dll, loaded, initialized, instrumentlib options:none

dbghelp: loaded successfully - version: 4.0.5 - missing functions: none
symbol engine: initialized successfully - sym options: 0x614 - pdb path: .;c:\Users\Admin\.cursor\extensions\redhat.java-1.44.0-win32-x64\jre\21.0.8-win32-x86_64\bin;C:\Windows\SYSTEM32;C:\Windows\WinSxS\amd64_microsoft.windows.common-controls_6595b64144ccf1df_6.0.19041.1110_none_60b5254171f9507e;c:\Users\Admin\.cursor\extensions\redhat.java-1.44.0-win32-x64\jre\21.0.8-win32-x86_64\bin\server;C:\Users\Admin\AppData\Roaming\Cursor\User\globalStorage\redhat.java\1.44.0\config_win\org.eclipse.equinox.launcher\org.eclipse.equinox.launcher.win32.win32.x86_64_1.2.1400.v20250730-1736;C:\Users\Admin\AppData\Local\Temp\jna-63116079;C:\Users\Admin\.gradle\native\1def1411415f61bf3af743bc5b6707747c0891f09f0c88961ee8f79bc544acac\windows-amd64

VM Arguments:
jvm_args: --add-modules=ALL-SYSTEM --add-opens=java.base/java.util=ALL-UNNAMED --add-opens=java.base/java.lang=ALL-UNNAMED --add-opens=java.base/sun.nio.fs=ALL-UNNAMED -Declipse.application=org.eclipse.jdt.ls.core.id1 -Dosgi.bundles.defaultStartLevel=4 -Declipse.product=org.eclipse.jdt.ls.core.product -Djava.import.generatesMetadataFilesAtProjectRoot=false -DDetectVMInstallationsJob.disabled=true -Dfile.encoding=utf8 -XX:+UseParallelGC -XX:GCTimeRatio=4 -XX:AdaptiveSizePolicyWeight=90 -Dsun.zip.disableMemoryMapping=true -Xmx2G -Xms100m -Xlog:disable -javaagent:c:\Users\Admin\.cursor\extensions\redhat.java-1.44.0-win32-x64\lombok\lombok-1.18.39-4050.jar -XX:+HeapDumpOnOutOfMemoryError -XX:HeapDumpPath=c:\Users\Admin\AppData\Roaming\Cursor\User\workspaceStorage\3a0cc4eedfa49456984421926e8f80a6\redhat.java -Daether.dependencyCollector.impl=bf 
java_command: c:\Users\Admin\.cursor\extensions\redhat.java-1.44.0-win32-x64\server\plugins\org.eclipse.equinox.launcher_1.7.0.v20250519-0528.jar -configuration c:\Users\Admin\AppData\Roaming\Cursor\User\globalStorage\redhat.java\1.44.0\config_win -data c:\Users\Admin\AppData\Roaming\Cursor\User\workspaceStorage\3a0cc4eedfa49456984421926e8f80a6\redhat.java\jdt_ws --pipe=\\.\pipe\lsp-e96933ae93d508b2c13864c18b164794-sock
java_class_path (initial): c:\Users\Admin\.cursor\extensions\redhat.java-1.44.0-win32-x64\server\plugins\org.eclipse.equinox.launcher_1.7.0.v20250519-0528.jar
Launcher Type: SUN_STANDARD

[Global flags]
    uintx AdaptiveSizePolicyWeight                 = 90                                        {product} {command line}
     intx CICompilerCount                          = 3                                         {product} {ergonomic}
    uintx GCTimeRatio                              = 4                                         {product} {command line}
     bool HeapDumpOnOutOfMemoryError               = true                                   {manageable} {command line}
    ccstr HeapDumpPath                             = c:\Users\Admin\AppData\Roaming\Cursor\User\workspaceStorage\3a0cc4eedfa49456984421926e8f80a6\redhat.java         {manageable} {command line}
   size_t InitialHeapSize                          = 104857600                                 {product} {command line}
   size_t MaxHeapSize                              = 2147483648                                {product} {command line}
   size_t MaxNewSize                               = 715653120                                 {product} {ergonomic}
   size_t MinHeapDeltaBytes                        = 524288                                    {product} {ergonomic}
   size_t MinHeapSize                              = 104857600                                 {product} {command line}
   size_t NewSize                                  = 34603008                                  {product} {ergonomic}
    uintx NonNMethodCodeHeapSize                   = 5832780                                {pd product} {ergonomic}
    uintx NonProfiledCodeHeapSize                  = 122912730                              {pd product} {ergonomic}
   size_t OldSize                                  = 70254592                                  {product} {ergonomic}
    uintx ProfiledCodeHeapSize                     = 122912730                              {pd product} {ergonomic}
    uintx ReservedCodeCacheSize                    = 251658240                              {pd product} {ergonomic}
     bool SegmentedCodeCache                       = true                                      {product} {ergonomic}
   size_t SoftMaxHeapSize                          = 2147483648                             {manageable} {ergonomic}
     bool UseCompressedOops                        = true                           {product lp64_product} {ergonomic}
     bool UseLargePagesIndividualAllocation        = false                                  {pd product} {ergonomic}
     bool UseParallelGC                            = true                                      {product} {command line}

Logging:
Log output configuration:
 #0: stdout all=off uptime,level,tags foldmultilines=false
 #1: stderr all=off uptime,level,tags foldmultilines=false

Environment Variables:
JAVA_HOME=C:\Program Files\Eclipse Adoptium\jdk-21.0.8.9-hotspot\
PATH=C:\Program Files\Eclipse Adoptium\jdk-21.0.8.9-hotspot\bin;C:\Program Files\OpenLogic\jdk-21.0.8.9-hotspot\bin;C:\Windows\system32;C:\Windows;C:\Windows\System32\Wbem;C:\Windows\System32\WindowsPowerShell\v1.0\;C:\Windows\System32\OpenSSH\;C:\Program Files\dotnet\;C:\Program Files (x86)\Intel\Intel(R) Management Engine Components\DAL;C:\Program Files\Intel\Intel(R) Management Engine Components\DAL;C:\Program Files\Intel\WiFi\bin\;C:\Program Files\Common Files\Intel\WirelessCommon\;c:\Users\Admin\AppData\Local\Programs\cursor\resources\app\bin;c:\Users\Admin\AppData\Local\Programs\cursor\resources\app\bin;C:\ProgramData\chocolatey\bin;C:\flutter\bin;C:\Users\Admin\AppData\Local\Pub\Cache\bin;C:\Users\Admin\AppData\Roaming\npm;C:\Users\Admin\AppData\Local\Programs\Python;C:\Users\Admin\AppData\Local\Programs\Python\Python313;C:\Users\Admin\AppData\Local\Programs\Python\Python313\Scripts;C:\Program Files\nodejs\;C:\Users\Admin\AppData\Local\Programs\Python\Launcher\;$($env:PATH);$env:USERPROFILE\AppData\Local\Pub\Cache\bin;C:\Users\Admin\AppData\Roaming\npm;C:\adb;C:\Program Files\GitHub CLI\;C:\Program Files\Git\cmd;C:\Users\Admin\AppData\Local\Programs\Python\Launcher\;$($env:PATH);$env:USERPROFILE\AppData\Local\Pub\Cache\bin;C:\Users\Admin\AppData\Roaming\npm;C:\Users\Admin\Downloads\flutter_windows_3.35.1-stable\flutter\bin;C:\Program Files\Eclipse Adoptium\jdk-21.0.8.9-hotspot\bin;C:\Users\Admin\AppData\Local\Programs\cursor\resources\app\bin
USERNAME=Admin
OS=Windows_NT
PROCESSOR_IDENTIFIER=Intel64 Family 6 Model 142 Stepping 9, GenuineIntel
TMP=C:\Users\Admin\AppData\Local\Temp
TEMP=C:\Users\Admin\AppData\Local\Temp




Periodic native trim disabled

---------------  S Y S T E M  ---------------

OS:
 Windows 10 , 64 bit Build 19041 (10.0.19041.3155)
OS uptime: 0 days 6:51 hours

CPU: total 4 (initial active 4) (2 cores per cpu, 2 threads per core) family 6 model 142 stepping 9 microcode 0xf6, cx8, cmov, fxsr, ht, mmx, 3dnowpref, sse, sse2, sse3, ssse3, sse4.1, sse4.2, popcnt, lzcnt, tsc, tscinvbit, avx, avx2, aes, erms, clmul, bmi1, bmi2, rtm, adx, fma, vzeroupper, clflush, clflushopt, rdtscp, f16c
Processor Information for the first 4 processors :
  Max Mhz: 2701, Current Mhz: 2000, Mhz Limit: 1998

Memory: 4k page, system-wide physical 8073M (247M free)
TotalPageFile size 16265M (AvailPageFile size 3M)
current process WorkingSet (physical memory assigned to process): 66M, peak: 797M
current process commit charge ("private bytes"): 738M, peak: 740M

vm_info: OpenJDK 64-Bit Server VM (21.0.8+9-LTS) for windows-amd64 JRE (21.0.8+9-LTS), built on 2025-07-15T00:00:00Z by "admin" with MS VC++ 17.7 (VS2022)

END.
